[0.195s] DEBUG:colcon:Command line arguments: ['/usr/bin/colcon', 'build', '--symlink-install', '--packages-select', '41068_ignition_bringup']
[0.195s] DEBUG:colcon:Parsed command line arguments: Namespace(log_base=None, log_level=None, verb_name='build', build_base='build', install_base='install', merge_install=False, symlink_install=True, test_result_base=None, continue_on_error=False, executor='parallel', parallel_workers=8, event_handlers=None, ignore_user_meta=False, metas=['./colcon.meta'], base_paths=['.'], packages_ignore=None, packages_ignore_regex=None, paths=None, packages_up_to=None, packages_up_to_regex=None, packages_above=None, packages_above_and_dependencies=None, packages_above_depth=None, packages_select_by_dep=None, packages_skip_by_dep=None, packages_skip_up_to=None, packages_select_build_failed=False, packages_skip_build_finished=False, packages_select_test_failures=False, packages_skip_test_passed=False, packages_select=['41068_ignition_bringup'], packages_skip=None, packages_select_regex=None, packages_skip_regex=None, packages_start=None, packages_end=None, allow_overriding=[], cmake_args=None, cmake_target=None, cmake_target_skip_unavailable=False, cmake_clean_cache=False, cmake_clean_first=False, cmake_force_configure=False, ament_cmake_args=None, catkin_cmake_args=None, catkin_skip_building_tests=False, mixin_files=None, mixin=None, verb_parser=<colcon_mixin.mixin.mixin_argument.MixinArgumentDecorator object at 0x7984b29120e0>, verb_extension=<colcon_core.verb.build.BuildVerb object at 0x7984b29116c0>, main=<bound method BuildVerb.main of <colcon_core.verb.build.BuildVerb object at 0x7984b29116c0>>, mixin_verb=('build',))
[0.512s] Level 1:colcon.colcon_core.package_discovery:discover_packages(colcon_meta) check parameters
[0.512s] Level 1:colcon.colcon_core.package_discovery:discover_packages(recursive) check parameters
[0.512s] Level 1:colcon.colcon_core.package_discovery:discover_packages(ignore) check parameters
[0.513s] Level 1:colcon.colcon_core.package_discovery:discover_packages(path) check parameters
[0.513s] Level 1:colcon.colcon_core.package_discovery:discover_packages(colcon_meta) discover
[0.513s] Level 1:colcon.colcon_core.package_discovery:discover_packages(recursive) discover
[0.514s] INFO:colcon.colcon_core.package_discovery:Crawling recursively for packages in '/home/student/git/TrailBotPro'
[0.514s] Level 1:colcon.colcon_core.package_identification:_identify(.) by extensions ['ignore', 'ignore_ament_install']
[0.515s] Level 1:colcon.colcon_core.package_identification:_identify(.) by extension 'ignore'
[0.515s] Level 1:colcon.colcon_core.package_identification:_identify(.) by extension 'ignore_ament_install'
[0.515s] Level 1:colcon.colcon_core.package_identification:_identify(.) by extensions ['colcon_pkg']
[0.515s] Level 1:colcon.colcon_core.package_identification:_identify(.) by extension 'colcon_pkg'
[0.516s] Level 1:colcon.colcon_core.package_identification:_identify(.) by extensions ['colcon_meta']
[0.516s] Level 1:colcon.colcon_core.package_identification:_identify(.) by extension 'colcon_meta'
[0.516s] Level 1:colcon.colcon_core.package_identification:_identify(.) by extensions ['ros']
[0.516s] Level 1:colcon.colcon_core.package_identification:_identify(.) by extension 'ros'
[0.544s] DEBUG:colcon.colcon_core.package_identification:Package '.' with type 'ros.ament_cmake' and name '41068_ignition_bringup'
[0.545s] Level 1:colcon.colcon_core.package_discovery:discover_packages(recursive) using defaults
[0.545s] Level 1:colcon.colcon_core.package_discovery:discover_packages(ignore) discover
[0.545s] Level 1:colcon.colcon_core.package_discovery:discover_packages(ignore) using defaults
[0.545s] Level 1:colcon.colcon_core.package_discovery:discover_packages(path) discover
[0.545s] Level 1:colcon.colcon_core.package_discovery:discover_packages(path) using defaults
[0.602s] Level 1:colcon.colcon_core.package_discovery:discover_packages(prefix_path) check parameters
[0.602s] Level 1:colcon.colcon_core.package_discovery:discover_packages(prefix_path) discover
[0.606s] DEBUG:colcon.colcon_installed_package_information.package_discovery:Found 1 installed packages in /home/student/git/TrailBotPro/install
[0.607s] DEBUG:colcon.colcon_installed_package_information.package_discovery:Found 1 installed packages in /home/student/robostu_ws/install
[0.607s] DEBUG:colcon.colcon_installed_package_information.package_discovery:Found 1 installed packages in /home/student/Desktop/41068_ws/install
[0.608s] DEBUG:colcon.colcon_installed_package_information.package_discovery:Found 0 installed packages in /home/student/ros2_ws/install
[0.611s] DEBUG:colcon.colcon_installed_package_information.package_discovery:Found 424 installed packages in /opt/ros/humble
[0.615s] Level 1:colcon.colcon_core.package_discovery:discover_packages(prefix_path) using defaults
[0.724s] Level 5:colcon.colcon_core.verb:set package '41068_ignition_bringup' build argument 'cmake_args' from command line to 'None'
[0.725s] Level 5:colcon.colcon_core.verb:set package '41068_ignition_bringup' build argument 'cmake_target' from command line to 'None'
[0.725s] Level 5:colcon.colcon_core.verb:set package '41068_ignition_bringup' build argument 'cmake_target_skip_unavailable' from command line to 'False'
[0.725s] Level 5:colcon.colcon_core.verb:set package '41068_ignition_bringup' build argument 'cmake_clean_cache' from command line to 'False'
[0.725s] Level 5:colcon.colcon_core.verb:set package '41068_ignition_bringup' build argument 'cmake_clean_first' from command line to 'False'
[0.725s] Level 5:colcon.colcon_core.verb:set package '41068_ignition_bringup' build argument 'cmake_force_configure' from command line to 'False'
[0.725s] Level 5:colcon.colcon_core.verb:set package '41068_ignition_bringup' build argument 'ament_cmake_args' from command line to 'None'
[0.725s] Level 5:colcon.colcon_core.verb:set package '41068_ignition_bringup' build argument 'catkin_cmake_args' from command line to 'None'
[0.725s] Level 5:colcon.colcon_core.verb:set package '41068_ignition_bringup' build argument 'catkin_skip_building_tests' from command line to 'False'
[0.725s] DEBUG:colcon.colcon_core.verb:Building package '41068_ignition_bringup' with the following arguments: {'ament_cmake_args': None, 'build_base': '/home/student/git/TrailBotPro/build/41068_ignition_bringup', 'catkin_cmake_args': None, 'catkin_skip_building_tests': False, 'cmake_args': None, 'cmake_clean_cache': False, 'cmake_clean_first': False, 'cmake_force_configure': False, 'cmake_target': None, 'cmake_target_skip_unavailable': False, 'install_base': '/home/student/git/TrailBotPro/install/41068_ignition_bringup', 'merge_install': False, 'path': '/home/student/git/TrailBotPro', 'symlink_install': True, 'test_result_base': None}
[0.725s] INFO:colcon.colcon_core.executor:Executing jobs using 'parallel' executor
[0.730s] DEBUG:colcon.colcon_parallel_executor.executor.parallel:run_until_complete
[0.730s] INFO:colcon.colcon_ros.task.ament_cmake.build:Building ROS package in '/home/student/git/TrailBotPro' with build type 'ament_cmake'
[0.730s] INFO:colcon.colcon_cmake.task.cmake.build:Building CMake package in '/home/student/git/TrailBotPro'
[0.734s] INFO:colcon.colcon_core.plugin_system:Skipping extension 'colcon_core.shell.bat': Not used on non-Windows systems
[0.734s] INFO:colcon.colcon_core.shell:Skip shell extension 'powershell' for command environment: Not usable outside of PowerShell
[0.734s] DEBUG:colcon.colcon_core.shell:Skip shell extension 'dsv' for command environment
[0.748s] DEBUG:colcon.colcon_core.event_handler.log_command:Invoking command in '/home/student/git/TrailBotPro/build/41068_ignition_bringup': CMAKE_PREFIX_PATH=${CMAKE_PREFIX_PATH}:/opt/ros/humble /usr/bin/cmake --build /home/student/git/TrailBotPro/build/41068_ignition_bringup -- -j8 -l8
[20.540s] DEBUG:colcon.colcon_core.event_handler.log_command:Invoked command in '/home/student/git/TrailBotPro/build/41068_ignition_bringup' returned '0': CMAKE_PREFIX_PATH=${CMAKE_PREFIX_PATH}:/opt/ros/humble /usr/bin/cmake --build /home/student/git/TrailBotPro/build/41068_ignition_bringup -- -j8 -l8
[20.555s] DEBUG:colcon.colcon_core.event_handler.log_command:Invoking command in '/home/student/git/TrailBotPro/build/41068_ignition_bringup': CMAKE_PREFIX_PATH=${CMAKE_PREFIX_PATH}:/opt/ros/humble /usr/bin/cmake --install /home/student/git/TrailBotPro/build/41068_ignition_bringup
[20.607s] Level 1:colcon.colcon_core.environment:create_environment_scripts_only(41068_ignition_bringup)
[20.611s] Level 1:colcon.colcon_core.environment:checking '/home/student/git/TrailBotPro/install/41068_ignition_bringup' for CMake module files
[20.613s] Level 1:colcon.colcon_core.environment:checking '/home/student/git/TrailBotPro/install/41068_ignition_bringup' for CMake config files
[20.614s] Level 1:colcon.colcon_core.shell:create_environment_hook('41068_ignition_bringup', 'cmake_prefix_path')
[20.614s] INFO:colcon.colcon_core.shell:Creating environment hook '/home/student/git/TrailBotPro/install/41068_ignition_bringup/share/41068_ignition_bringup/hook/cmake_prefix_path.ps1'
[20.619s] DEBUG:colcon.colcon_core.event_handler.log_command:Invoked command in '/home/student/git/TrailBotPro/build/41068_ignition_bringup' returned '0': CMAKE_PREFIX_PATH=${CMAKE_PREFIX_PATH}:/opt/ros/humble /usr/bin/cmake --install /home/student/git/TrailBotPro/build/41068_ignition_bringup
[20.619s] INFO:colcon.colcon_core.shell:Creating environment descriptor '/home/student/git/TrailBotPro/install/41068_ignition_bringup/share/41068_ignition_bringup/hook/cmake_prefix_path.dsv'
[20.620s] INFO:colcon.colcon_core.shell:Creating environment hook '/home/student/git/TrailBotPro/install/41068_ignition_bringup/share/41068_ignition_bringup/hook/cmake_prefix_path.sh'
[20.621s] Level 1:colcon.colcon_core.environment:checking '/home/student/git/TrailBotPro/install/41068_ignition_bringup/lib'
[20.622s] Level 1:colcon.colcon_core.environment:checking '/home/student/git/TrailBotPro/install/41068_ignition_bringup/bin'
[20.622s] Level 1:colcon.colcon_core.environment:checking '/home/student/git/TrailBotPro/install/41068_ignition_bringup/lib/pkgconfig/41068_ignition_bringup.pc'
[20.625s] Level 1:colcon.colcon_core.environment:checking '/home/student/git/TrailBotPro/install/41068_ignition_bringup/lib/python3.10/site-packages'
[20.626s] Level 1:colcon.colcon_core.environment:checking '/home/student/git/TrailBotPro/install/41068_ignition_bringup/bin'
[20.626s] INFO:colcon.colcon_core.shell:Creating package script '/home/student/git/TrailBotPro/install/41068_ignition_bringup/share/41068_ignition_bringup/package.ps1'
[20.628s] INFO:colcon.colcon_core.shell:Creating package descriptor '/home/student/git/TrailBotPro/install/41068_ignition_bringup/share/41068_ignition_bringup/package.dsv'
[20.629s] INFO:colcon.colcon_core.shell:Creating package script '/home/student/git/TrailBotPro/install/41068_ignition_bringup/share/41068_ignition_bringup/package.sh'
[20.630s] INFO:colcon.colcon_core.shell:Creating package script '/home/student/git/TrailBotPro/install/41068_ignition_bringup/share/41068_ignition_bringup/package.bash'
[20.631s] INFO:colcon.colcon_core.shell:Creating package script '/home/student/git/TrailBotPro/install/41068_ignition_bringup/share/41068_ignition_bringup/package.zsh'
[20.633s] Level 1:colcon.colcon_core.environment:create_file_with_runtime_dependencies(/home/student/git/TrailBotPro/install/41068_ignition_bringup/share/colcon-core/packages/41068_ignition_bringup)
[20.634s] Level 1:colcon.colcon_core.environment:create_environment_scripts_only(41068_ignition_bringup)
[20.634s] Level 1:colcon.colcon_core.environment:checking '/home/student/git/TrailBotPro/install/41068_ignition_bringup' for CMake module files
[20.635s] Level 1:colcon.colcon_core.environment:checking '/home/student/git/TrailBotPro/install/41068_ignition_bringup' for CMake config files
[20.636s] Level 1:colcon.colcon_core.shell:create_environment_hook('41068_ignition_bringup', 'cmake_prefix_path')
[20.636s] INFO:colcon.colcon_core.shell:Creating environment hook '/home/student/git/TrailBotPro/install/41068_ignition_bringup/share/41068_ignition_bringup/hook/cmake_prefix_path.ps1'
[20.638s] INFO:colcon.colcon_core.shell:Creating environment descriptor '/home/student/git/TrailBotPro/install/41068_ignition_bringup/share/41068_ignition_bringup/hook/cmake_prefix_path.dsv'
[20.639s] INFO:colcon.colcon_core.shell:Creating environment hook '/home/student/git/TrailBotPro/install/41068_ignition_bringup/share/41068_ignition_bringup/hook/cmake_prefix_path.sh'
[20.640s] Level 1:colcon.colcon_core.environment:checking '/home/student/git/TrailBotPro/install/41068_ignition_bringup/lib'
[20.641s] Level 1:colcon.colcon_core.environment:checking '/home/student/git/TrailBotPro/install/41068_ignition_bringup/bin'
[20.641s] Level 1:colcon.colcon_core.environment:checking '/home/student/git/TrailBotPro/install/41068_ignition_bringup/lib/pkgconfig/41068_ignition_bringup.pc'
[20.642s] Level 1:colcon.colcon_core.environment:checking '/home/student/git/TrailBotPro/install/41068_ignition_bringup/lib/python3.10/site-packages'
[20.642s] Level 1:colcon.colcon_core.environment:checking '/home/student/git/TrailBotPro/install/41068_ignition_bringup/bin'
[20.643s] INFO:colcon.colcon_core.shell:Creating package script '/home/student/git/TrailBotPro/install/41068_ignition_bringup/share/41068_ignition_bringup/package.ps1'
[20.647s] INFO:colcon.colcon_core.shell:Creating package descriptor '/home/student/git/TrailBotPro/install/41068_ignition_bringup/share/41068_ignition_bringup/package.dsv'
[20.648s] INFO:colcon.colcon_core.shell:Creating package script '/home/student/git/TrailBotPro/install/41068_ignition_bringup/share/41068_ignition_bringup/package.sh'
[20.648s] INFO:colcon.colcon_core.shell:Creating package script '/home/student/git/TrailBotPro/install/41068_ignition_bringup/share/41068_ignition_bringup/package.bash'
[20.649s] INFO:colcon.colcon_core.shell:Creating package script '/home/student/git/TrailBotPro/install/41068_ignition_bringup/share/41068_ignition_bringup/package.zsh'
[20.651s] Level 1:colcon.colcon_core.environment:create_file_with_runtime_dependencies(/home/student/git/TrailBotPro/install/41068_ignition_bringup/share/colcon-core/packages/41068_ignition_bringup)
[20.652s] DEBUG:colcon.colcon_parallel_executor.executor.parallel:closing loop
[20.653s] DEBUG:colcon.colcon_parallel_executor.executor.parallel:loop closed
[20.654s] DEBUG:colcon.colcon_parallel_executor.executor.parallel:run_until_complete finished with '0'
[20.654s] DEBUG:colcon.colcon_core.event_reactor:joining thread
[20.662s] INFO:colcon.colcon_core.plugin_system:Skipping extension 'colcon_notification.desktop_notification.terminal_notifier': Not used on non-Darwin systems
[20.663s] INFO:colcon.colcon_core.plugin_system:Skipping extension 'colcon_notification.desktop_notification.win32': Not used on non-Windows systems
[20.663s] INFO:colcon.colcon_notification.desktop_notification:Sending desktop notification using 'notify2'
[20.708s] DEBUG:colcon.colcon_core.event_reactor:joined thread
[20.709s] INFO:colcon.colcon_core.shell:Creating prefix script '/home/student/git/TrailBotPro/install/local_setup.ps1'
[20.711s] INFO:colcon.colcon_core.shell:Creating prefix util module '/home/student/git/TrailBotPro/install/_local_setup_util_ps1.py'
[20.712s] INFO:colcon.colcon_core.shell:Creating prefix chain script '/home/student/git/TrailBotPro/install/setup.ps1'
[20.715s] INFO:colcon.colcon_core.shell:Creating prefix script '/home/student/git/TrailBotPro/install/local_setup.sh'
[20.716s] INFO:colcon.colcon_core.shell:Creating prefix util module '/home/student/git/TrailBotPro/install/_local_setup_util_sh.py'
[20.717s] INFO:colcon.colcon_core.shell:Creating prefix chain script '/home/student/git/TrailBotPro/install/setup.sh'
[20.719s] INFO:colcon.colcon_core.shell:Creating prefix script '/home/student/git/TrailBotPro/install/local_setup.bash'
[20.720s] INFO:colcon.colcon_core.shell:Creating prefix chain script '/home/student/git/TrailBotPro/install/setup.bash'
[20.723s] INFO:colcon.colcon_core.shell:Creating prefix script '/home/student/git/TrailBotPro/install/local_setup.zsh'
[20.724s] INFO:colcon.colcon_core.shell:Creating prefix chain script '/home/student/git/TrailBotPro/install/setup.zsh'
