[0.028s] Invoking command in '/home/student/git/TrailBotPro/build/41068_ignition_bringup': CMAKE_PREFIX_PATH=${CMAKE_PREFIX_PATH}:/opt/ros/humble /usr/bin/cmake /home/student/git/TrailBotPro -DAMENT_CMAKE_SYMLINK_INSTALL=1 -DCMAKE_INSTALL_PREFIX=/home/student/git/TrailBotPro/install/41068_ignition_bringup
[0.126s] -- The C compiler identification is GNU 11.4.0
[0.264s] -- The CXX compiler identification is GNU 11.4.0
[0.275s] -- Detecting C compiler ABI info
[0.437s] -- Detecting C compiler ABI info - done
[0.451s] -- Check for working C compiler: /usr/bin/cc - skipped
[0.452s] -- Detecting C compile features
[0.453s] -- Detecting C compile features - done
[0.457s] -- Detecting CXX compiler ABI info
[0.644s] -- Detecting CXX compiler ABI info - done
[0.659s] -- Check for working CXX compiler: /usr/bin/c++ - skipped
[0.660s] -- Detecting CXX compile features
[0.660s] -- Detecting CXX compile features - done
[0.667s] -- Found ament_cmake: 1.3.12 (/opt/ros/humble/share/ament_cmake/cmake)
[0.945s] -- Found Python3: /usr/bin/python3 (found version "3.10.12") found components: Interpreter 
[1.058s] -- Override CMake install command with custom implementation using symlinks instead of copying resources
[1.100s] -- Found rclcpp: 16.0.15 (/opt/ros/humble/share/rclcpp/cmake)
[1.200s] -- Found rosidl_generator_c: 3.1.7 (/opt/ros/humble/share/rosidl_generator_c/cmake)
[1.207s] -- Found rosidl_adapter: 3.1.7 (/opt/ros/humble/share/rosidl_adapter/cmake)
[1.223s] -- Found rosidl_generator_cpp: 3.1.7 (/opt/ros/humble/share/rosidl_generator_cpp/cmake)
[1.245s] -- Using all available rosidl_typesupport_c: rosidl_typesupport_fastrtps_c;rosidl_typesupport_introspection_c
[1.270s] -- Using all available rosidl_typesupport_cpp: rosidl_typesupport_fastrtps_cpp;rosidl_typesupport_introspection_cpp
[1.356s] -- Found rmw_implementation_cmake: 6.1.2 (/opt/ros/humble/share/rmw_implementation_cmake/cmake)
[1.360s] -- Found rmw_fastrtps_cpp: 6.2.8 (/opt/ros/humble/share/rmw_fastrtps_cpp/cmake)
[1.552s] -- Found OpenSSL: /usr/lib/x86_64-linux-gnu/libcrypto.so (found version "3.0.2")  
[1.614s] -- Found FastRTPS: /opt/ros/humble/include  
[1.697s] -- Using RMW implementation 'rmw_fastrtps_cpp' as default
[1.711s] -- Looking for pthread.h
[1.882s] -- Looking for pthread.h - found
[1.883s] -- Performing Test CMAKE_HAVE_LIBC_PTHREAD
[2.049s] -- Performing Test CMAKE_HAVE_LIBC_PTHREAD - Success
[2.059s] -- Found Threads: TRUE  
[2.202s] -- Found sensor_msgs: 4.9.0 (/opt/ros/humble/share/sensor_msgs/cmake)
[2.271s] -- Found visualization_msgs: 4.9.0 (/opt/ros/humble/share/visualization_msgs/cmake)
[2.310s] -- Found nav_msgs: 4.9.0 (/opt/ros/humble/share/nav_msgs/cmake)
[2.344s] -- Found cv_bridge: 3.2.1 (/opt/ros/humble/share/cv_bridge/cmake)
[2.365s] -- Found ros_ign_interfaces: 0.244.20 (/opt/ros/humble/share/ros_ign_interfaces/cmake)
[2.580s] WARNING: Package name "41068_ignition_bringup" does not follow the naming conventions. It should start with a lower case letter and only contain lower case letters, digits, underscores, and dashes.
[2.605s] -- Configuring done
[2.646s] -- Generating done
[2.680s] -- Build files have been written to: /home/student/git/TrailBotPro/build/41068_ignition_bringup
[2.722s] Invoked command in '/home/student/git/TrailBotPro/build/41068_ignition_bringup' returned '0': CMAKE_PREFIX_PATH=${CMAKE_PREFIX_PATH}:/opt/ros/humble /usr/bin/cmake /home/student/git/TrailBotPro -DAMENT_CMAKE_SYMLINK_INSTALL=1 -DCMAKE_INSTALL_PREFIX=/home/student/git/TrailBotPro/install/41068_ignition_bringup
[2.723s] Invoking command in '/home/student/git/TrailBotPro/build/41068_ignition_bringup': CMAKE_PREFIX_PATH=${CMAKE_PREFIX_PATH}:/opt/ros/humble /usr/bin/cmake --build /home/student/git/TrailBotPro/build/41068_ignition_bringup -- -j8 -l8
[2.844s] [ 25%] [32mBuilding CXX object CMakeFiles/dronecontroller.dir/dronecontroller.cpp.o[0m
[27.052s] [ 50%] [32m[1mLinking CXX executable dronecontroller[0m
[28.572s] [ 50%] Built target dronecontroller
[28.629s] [ 75%] [32mBuilding CXX object CMakeFiles/mission_interface.dir/mission_interface.cpp.o[0m
[44.142s] [100%] [32m[1mLinking CXX executable mission_interface[0m
[45.003s] [100%] Built target mission_interface
[45.047s] Invoked command in '/home/student/git/TrailBotPro/build/41068_ignition_bringup' returned '0': CMAKE_PREFIX_PATH=${CMAKE_PREFIX_PATH}:/opt/ros/humble /usr/bin/cmake --build /home/student/git/TrailBotPro/build/41068_ignition_bringup -- -j8 -l8
[45.061s] Invoking command in '/home/student/git/TrailBotPro/build/41068_ignition_bringup': CMAKE_PREFIX_PATH=${CMAKE_PREFIX_PATH}:/opt/ros/humble /usr/bin/cmake --install /home/student/git/TrailBotPro/build/41068_ignition_bringup
[45.078s] -- Install configuration: ""
[45.080s] -- Execute custom install script
[45.080s] -- Symlinking: /home/student/git/TrailBotPro/install/41068_ignition_bringup/lib/41068_ignition_bringup/dronecontroller
[45.097s] -- Symlinking: /home/student/git/TrailBotPro/install/41068_ignition_bringup/lib/41068_ignition_bringup/mission_interface
[45.113s] -- Symlinking: /home/student/git/TrailBotPro/install/41068_ignition_bringup/share/41068_ignition_bringup/config/41068.rviz
[45.126s] -- Symlinking: /home/student/git/TrailBotPro/install/41068_ignition_bringup/share/41068_ignition_bringup/config/gazebo_bridge.yaml
[45.152s] -- Symlinking: /home/student/git/TrailBotPro/install/41068_ignition_bringup/share/41068_ignition_bringup/config/nav2_params.yaml
[45.168s] -- Symlinking: /home/student/git/TrailBotPro/install/41068_ignition_bringup/share/41068_ignition_bringup/config/robot_localization.yaml
[45.185s] -- Symlinking: /home/student/git/TrailBotPro/install/41068_ignition_bringup/share/41068_ignition_bringup/config/slam_params.yaml
[45.206s] -- Symlinking: /home/student/git/TrailBotPro/install/41068_ignition_bringup/share/41068_ignition_bringup/launch/41068_ignition.launch.py
[45.221s] -- Symlinking: /home/student/git/TrailBotPro/install/41068_ignition_bringup/share/41068_ignition_bringup/launch/41068_ignition_drone.launch.py
[45.245s] -- Symlinking: /home/student/git/TrailBotPro/install/41068_ignition_bringup/share/41068_ignition_bringup/launch/41068_navigation.launch.py
[45.259s] -- Symlinking: /home/student/git/TrailBotPro/install/41068_ignition_bringup/share/41068_ignition_bringup/models/forest_plane/materials/textures/empty_grass.png
[45.272s] -- Symlinking: /home/student/git/TrailBotPro/install/41068_ignition_bringup/share/41068_ignition_bringup/models/forest_plane/materials/textures/forest_overhead.png
[45.293s] -- Symlinking: /home/student/git/TrailBotPro/install/41068_ignition_bringup/share/41068_ignition_bringup/models/forest_plane/materials/textures/leaf_litter.png
[45.317s] -- Symlinking: /home/student/git/TrailBotPro/install/41068_ignition_bringup/share/41068_ignition_bringup/models/forest_plane/model.config
[45.333s] -- Symlinking: /home/student/git/TrailBotPro/install/41068_ignition_bringup/share/41068_ignition_bringup/models/forest_plane/model.sdf
[45.351s] -- Symlinking: /home/student/git/TrailBotPro/install/41068_ignition_bringup/share/41068_ignition_bringup/models/forest_wall/materials/textures/forest_wall.png
[45.374s] -- Symlinking: /home/student/git/TrailBotPro/install/41068_ignition_bringup/share/41068_ignition_bringup/models/forest_wall/materials/textures/forest_wall_transparent.png
[45.392s] -- Symlinking: /home/student/git/TrailBotPro/install/41068_ignition_bringup/share/41068_ignition_bringup/models/forest_wall/materials/textures/forest_wall_transparent_small.png
[45.416s] -- Symlinking: /home/student/git/TrailBotPro/install/41068_ignition_bringup/share/41068_ignition_bringup/models/forest_wall/model.config
[45.431s] -- Symlinking: /home/student/git/TrailBotPro/install/41068_ignition_bringup/share/41068_ignition_bringup/models/forest_wall/model.sdf
[45.447s] -- Symlinking: /home/student/git/TrailBotPro/install/41068_ignition_bringup/share/41068_ignition_bringup/models/grass_plane/materials/textures/empty_grass.png
[45.470s] -- Symlinking: /home/student/git/TrailBotPro/install/41068_ignition_bringup/share/41068_ignition_bringup/models/grass_plane/model.config
[45.490s] -- Symlinking: /home/student/git/TrailBotPro/install/41068_ignition_bringup/share/41068_ignition_bringup/models/grass_plane/model.sdf
[45.508s] -- Symlinking: /home/student/git/TrailBotPro/install/41068_ignition_bringup/share/41068_ignition_bringup/urdf/common_properties.urdf.xacro
[45.517s] -- Symlinking: /home/student/git/TrailBotPro/install/41068_ignition_bringup/share/41068_ignition_bringup/urdf/husky.gazebo.xacro
[45.530s] -- Symlinking: /home/student/git/TrailBotPro/install/41068_ignition_bringup/share/41068_ignition_bringup/urdf/husky.urdf.xacro
[45.550s] -- Symlinking: /home/student/git/TrailBotPro/install/41068_ignition_bringup/share/41068_ignition_bringup/urdf/meshes/base_link.dae
[45.564s] -- Symlinking: /home/student/git/TrailBotPro/install/41068_ignition_bringup/share/41068_ignition_bringup/urdf/meshes/bumper.dae
[45.577s] -- Symlinking: /home/student/git/TrailBotPro/install/41068_ignition_bringup/share/41068_ignition_bringup/urdf/meshes/jpl04_arch_nosensor.stl
[45.597s] -- Symlinking: /home/student/git/TrailBotPro/install/41068_ignition_bringup/share/41068_ignition_bringup/urdf/meshes/top_chassis.dae
[45.615s] -- Symlinking: /home/student/git/TrailBotPro/install/41068_ignition_bringup/share/41068_ignition_bringup/urdf/meshes/top_plate.dae
[45.626s] -- Symlinking: /home/student/git/TrailBotPro/install/41068_ignition_bringup/share/41068_ignition_bringup/urdf/meshes/wheel.dae
[45.652s] -- Symlinking: /home/student/git/TrailBotPro/install/41068_ignition_bringup/share/41068_ignition_bringup/urdf/wheel.urdf.xacro
[45.667s] -- Symlinking: /home/student/git/TrailBotPro/install/41068_ignition_bringup/share/41068_ignition_bringup/urdf_drone/common_properties.urdf.xacro
[45.690s] -- Symlinking: /home/student/git/TrailBotPro/install/41068_ignition_bringup/share/41068_ignition_bringup/urdf_drone/meshes/hull.dae
[45.708s] -- Symlinking: /home/student/git/TrailBotPro/install/41068_ignition_bringup/share/41068_ignition_bringup/urdf_drone/meshes/propeller_fl.dae
[45.731s] -- Symlinking: /home/student/git/TrailBotPro/install/41068_ignition_bringup/share/41068_ignition_bringup/urdf_drone/meshes/propeller_fr.dae
[45.745s] -- Symlinking: /home/student/git/TrailBotPro/install/41068_ignition_bringup/share/41068_ignition_bringup/urdf_drone/meshes/propeller_rl.dae
[45.760s] -- Symlinking: /home/student/git/TrailBotPro/install/41068_ignition_bringup/share/41068_ignition_bringup/urdf_drone/meshes/propeller_rr.dae
[45.771s] -- Symlinking: /home/student/git/TrailBotPro/install/41068_ignition_bringup/share/41068_ignition_bringup/urdf_drone/model.config
[45.789s] -- Symlinking: /home/student/git/TrailBotPro/install/41068_ignition_bringup/share/41068_ignition_bringup/urdf_drone/model.sdf
[45.799s] -- Symlinking: /home/student/git/TrailBotPro/install/41068_ignition_bringup/share/41068_ignition_bringup/urdf_drone/parrot.gazebo.xacro
[45.813s] -- Symlinking: /home/student/git/TrailBotPro/install/41068_ignition_bringup/share/41068_ignition_bringup/urdf_drone/parrot.urdf.xacro
[45.846s] -- Symlinking: /home/student/git/TrailBotPro/install/41068_ignition_bringup/share/41068_ignition_bringup/urdf_drone/thumbnails/1.png
[45.862s] -- Symlinking: /home/student/git/TrailBotPro/install/41068_ignition_bringup/share/41068_ignition_bringup/urdf_drone/thumbnails/2.png
[45.878s] -- Symlinking: /home/student/git/TrailBotPro/install/41068_ignition_bringup/share/41068_ignition_bringup/urdf_drone/thumbnails/3.png
[45.888s] -- Symlinking: /home/student/git/TrailBotPro/install/41068_ignition_bringup/share/41068_ignition_bringup/urdf_drone/thumbnails/4.png
[45.906s] -- Symlinking: /home/student/git/TrailBotPro/install/41068_ignition_bringup/share/41068_ignition_bringup/urdf_drone/thumbnails/5.png
[45.925s] -- Symlinking: /home/student/git/TrailBotPro/install/41068_ignition_bringup/share/41068_ignition_bringup/worlds/large_demo.sdf
[45.938s] -- Symlinking: /home/student/git/TrailBotPro/install/41068_ignition_bringup/share/41068_ignition_bringup/worlds/simple_trees.sdf
[45.956s] -- Symlinking: /home/student/git/TrailBotPro/install/41068_ignition_bringup/share/ament_index/resource_index/package_run_dependencies/41068_ignition_bringup
[45.970s] -- Symlinking: /home/student/git/TrailBotPro/install/41068_ignition_bringup/share/ament_index/resource_index/parent_prefix_path/41068_ignition_bringup
[45.988s] -- Symlinking: /home/student/git/TrailBotPro/install/41068_ignition_bringup/share/41068_ignition_bringup/environment/ament_prefix_path.sh
[46.006s] -- Symlinking: /home/student/git/TrailBotPro/install/41068_ignition_bringup/share/41068_ignition_bringup/environment/ament_prefix_path.dsv
[46.022s] -- Symlinking: /home/student/git/TrailBotPro/install/41068_ignition_bringup/share/41068_ignition_bringup/environment/path.sh
[46.038s] -- Symlinking: /home/student/git/TrailBotPro/install/41068_ignition_bringup/share/41068_ignition_bringup/environment/path.dsv
[46.049s] -- Symlinking: /home/student/git/TrailBotPro/install/41068_ignition_bringup/share/41068_ignition_bringup/local_setup.bash
[46.063s] -- Symlinking: /home/student/git/TrailBotPro/install/41068_ignition_bringup/share/41068_ignition_bringup/local_setup.sh
[46.076s] -- Symlinking: /home/student/git/TrailBotPro/install/41068_ignition_bringup/share/41068_ignition_bringup/local_setup.zsh
[46.106s] -- Symlinking: /home/student/git/TrailBotPro/install/41068_ignition_bringup/share/41068_ignition_bringup/local_setup.dsv
[46.120s] -- Symlinking: /home/student/git/TrailBotPro/install/41068_ignition_bringup/share/41068_ignition_bringup/package.dsv
[46.148s] -- Symlinking: /home/student/git/TrailBotPro/install/41068_ignition_bringup/share/ament_index/resource_index/packages/41068_ignition_bringup
[46.168s] -- Symlinking: /home/student/git/TrailBotPro/install/41068_ignition_bringup/share/41068_ignition_bringup/cmake/41068_ignition_bringupConfig.cmake
[46.180s] -- Symlinking: /home/student/git/TrailBotPro/install/41068_ignition_bringup/share/41068_ignition_bringup/cmake/41068_ignition_bringupConfig-version.cmake
[46.196s] -- Symlinking: /home/student/git/TrailBotPro/install/41068_ignition_bringup/share/41068_ignition_bringup/package.xml
[46.218s] Invoked command in '/home/student/git/TrailBotPro/build/41068_ignition_bringup' returned '0': CMAKE_PREFIX_PATH=${CMAKE_PREFIX_PATH}:/opt/ros/humble /usr/bin/cmake --install /home/student/git/TrailBotPro/build/41068_ignition_bringup
