[0.014s] Invoking command in '/home/student/git/TrailBotPro/41068_ignition_bringup/build/41068_ignition_bringup': CMAKE_PREFIX_PATH=${CMAKE_PREFIX_PATH}:/opt/ros/humble /usr/bin/cmake /home/student/git/TrailBotPro/41068_ignition_bringup -DCMAKE_EXPORT_COMPILE_COMMANDS=ON -DAMENT_CMAKE_SYMLINK_INSTALL=1 -DCMAKE_INSTALL_PREFIX=/home/student/git/TrailBotPro/41068_ignition_bringup/install/41068_ignition_bringup
[0.081s] -- The C compiler identification is GNU 11.4.0
[0.153s] -- The CXX compiler identification is GNU 11.4.0
[0.162s] -- Detecting C compiler ABI info
[0.249s] -- Detecting C compiler ABI info - done
[0.259s] -- Check for working C compiler: /usr/bin/cc - skipped
[0.260s] -- Detecting C compile features
[0.260s] -- Detecting C compile features - done
[0.263s] -- Detecting CXX compiler ABI info
[0.373s] -- Detecting CXX compiler ABI info - done
[0.383s] -- Check for working CXX compiler: /usr/bin/c++ - skipped
[0.383s] -- Detecting CXX compile features
[0.383s] -- Detecting CXX compile features - done
[0.386s] -- Found ament_cmake: 1.3.12 (/opt/ros/humble/share/ament_cmake/cmake)
[0.569s] -- Found Python3: /usr/bin/python3 (found version "3.10.12") found components: Interpreter 
[0.650s] -- Override CMake install command with custom implementation using symlinks instead of copying resources
[0.681s] -- Found ros_ign_interfaces: 0.244.20 (/opt/ros/humble/share/ros_ign_interfaces/cmake)
[0.723s] -- Found rosidl_generator_c: 3.1.7 (/opt/ros/humble/share/rosidl_generator_c/cmake)
[0.732s] -- Found rosidl_adapter: 3.1.7 (/opt/ros/humble/share/rosidl_adapter/cmake)
[0.743s] -- Found rosidl_generator_cpp: 3.1.7 (/opt/ros/humble/share/rosidl_generator_cpp/cmake)
[0.755s] -- Using all available rosidl_typesupport_c: rosidl_typesupport_fastrtps_c;rosidl_typesupport_introspection_c
[0.774s] -- Using all available rosidl_typesupport_cpp: rosidl_typesupport_fastrtps_cpp;rosidl_typesupport_introspection_cpp
[0.887s] -- Found ament_lint_auto: 0.12.14 (/opt/ros/humble/share/ament_lint_auto/cmake)
[0.966s] WARNING: Package name "41068_ignition_bringup" does not follow the naming conventions. It should start with a lower case letter and only contain lower case letters, digits, underscores, and dashes.
[1.023s] -- Added test 'copyright' to check source files copyright and LICENSE
[1.055s] -- Added test 'cppcheck' to perform static code analysis on C / C++ code
[1.058s] -- Configured cppcheck include dirs: 
[1.058s] -- Configured cppcheck exclude dirs and/or files: 
[1.083s] -- Added test 'cpplint' to check C / C++ code against the Google style
[1.083s] -- Configured cpplint exclude dirs and/or files: 
[1.085s] -- Added test 'flake8' to check Python code syntax and style conventions
[1.089s] -- Added test 'lint_cmake' to check CMake code style
[1.091s] -- Added test 'pep257' to check Python code against some of the docstring style conventions in PEP 257
[1.112s] -- Added test 'uncrustify' to check C / C++ code style
[1.112s] -- Configured uncrustify additional arguments: 
[1.115s] -- Added test 'xmllint' to check XML markup files
[1.117s] -- Configuring done
[1.123s] -- Generating done
[1.125s] [33mCMake Warning:
[1.125s]   Manually-specified variables were not used by the project:
[1.125s] 
[1.125s]     CMAKE_EXPORT_COMPILE_COMMANDS
[1.125s] 
[1.125s] [0m
[1.126s] -- Build files have been written to: /home/student/git/TrailBotPro/41068_ignition_bringup/build/41068_ignition_bringup
[1.145s] Invoked command in '/home/student/git/TrailBotPro/41068_ignition_bringup/build/41068_ignition_bringup' returned '0': CMAKE_PREFIX_PATH=${CMAKE_PREFIX_PATH}:/opt/ros/humble /usr/bin/cmake /home/student/git/TrailBotPro/41068_ignition_bringup -DCMAKE_EXPORT_COMPILE_COMMANDS=ON -DAMENT_CMAKE_SYMLINK_INSTALL=1 -DCMAKE_INSTALL_PREFIX=/home/student/git/TrailBotPro/41068_ignition_bringup/install/41068_ignition_bringup
[1.147s] Invoking command in '/home/student/git/TrailBotPro/41068_ignition_bringup/build/41068_ignition_bringup': CMAKE_PREFIX_PATH=${CMAKE_PREFIX_PATH}:/opt/ros/humble /usr/bin/cmake --build /home/student/git/TrailBotPro/41068_ignition_bringup/build/41068_ignition_bringup -- -j8 -l8
[1.194s] Invoked command in '/home/student/git/TrailBotPro/41068_ignition_bringup/build/41068_ignition_bringup' returned '0': CMAKE_PREFIX_PATH=${CMAKE_PREFIX_PATH}:/opt/ros/humble /usr/bin/cmake --build /home/student/git/TrailBotPro/41068_ignition_bringup/build/41068_ignition_bringup -- -j8 -l8
[1.206s] Invoking command in '/home/student/git/TrailBotPro/41068_ignition_bringup/build/41068_ignition_bringup': CMAKE_PREFIX_PATH=${CMAKE_PREFIX_PATH}:/opt/ros/humble /usr/bin/cmake --install /home/student/git/TrailBotPro/41068_ignition_bringup/build/41068_ignition_bringup
[1.215s] -- Install configuration: ""
[1.215s] -- Execute custom install script
[1.216s] -- Symlinking: /home/student/git/TrailBotPro/41068_ignition_bringup/install/41068_ignition_bringup/share/41068_ignition_bringup/config/41068.rviz
[1.226s] -- Symlinking: /home/student/git/TrailBotPro/41068_ignition_bringup/install/41068_ignition_bringup/share/41068_ignition_bringup/config/gazebo_bridge.yaml
[1.240s] -- Symlinking: /home/student/git/TrailBotPro/41068_ignition_bringup/install/41068_ignition_bringup/share/41068_ignition_bringup/config/nav2_params.yaml
[1.254s] -- Symlinking: /home/student/git/TrailBotPro/41068_ignition_bringup/install/41068_ignition_bringup/share/41068_ignition_bringup/config/robot_localization.yaml
[1.267s] -- Symlinking: /home/student/git/TrailBotPro/41068_ignition_bringup/install/41068_ignition_bringup/share/41068_ignition_bringup/config/slam_params.yaml
[1.279s] -- Symlinking: /home/student/git/TrailBotPro/41068_ignition_bringup/install/41068_ignition_bringup/share/41068_ignition_bringup/launch/41068_ignition.launch.py
[1.288s] -- Symlinking: /home/student/git/TrailBotPro/41068_ignition_bringup/install/41068_ignition_bringup/share/41068_ignition_bringup/launch/41068_ignition_drone.launch.py
[1.298s] -- Symlinking: /home/student/git/TrailBotPro/41068_ignition_bringup/install/41068_ignition_bringup/share/41068_ignition_bringup/launch/41068_navigation.launch.py
[1.308s] -- Symlinking: /home/student/git/TrailBotPro/41068_ignition_bringup/install/41068_ignition_bringup/share/41068_ignition_bringup/models/forest_plane/materials/textures/empty_grass.png
[1.319s] -- Symlinking: /home/student/git/TrailBotPro/41068_ignition_bringup/install/41068_ignition_bringup/share/41068_ignition_bringup/models/forest_plane/materials/textures/forest_overhead.png
[1.328s] -- Symlinking: /home/student/git/TrailBotPro/41068_ignition_bringup/install/41068_ignition_bringup/share/41068_ignition_bringup/models/forest_plane/materials/textures/leaf_litter.png
[1.343s] -- Symlinking: /home/student/git/TrailBotPro/41068_ignition_bringup/install/41068_ignition_bringup/share/41068_ignition_bringup/models/forest_plane/model.config
[1.353s] -- Symlinking: /home/student/git/TrailBotPro/41068_ignition_bringup/install/41068_ignition_bringup/share/41068_ignition_bringup/models/forest_plane/model.sdf
[1.363s] -- Symlinking: /home/student/git/TrailBotPro/41068_ignition_bringup/install/41068_ignition_bringup/share/41068_ignition_bringup/models/forest_wall/materials/textures/forest_wall.png
[1.372s] -- Symlinking: /home/student/git/TrailBotPro/41068_ignition_bringup/install/41068_ignition_bringup/share/41068_ignition_bringup/models/forest_wall/materials/textures/forest_wall_transparent.png
[1.381s] -- Symlinking: /home/student/git/TrailBotPro/41068_ignition_bringup/install/41068_ignition_bringup/share/41068_ignition_bringup/models/forest_wall/materials/textures/forest_wall_transparent_small.png
[1.390s] -- Symlinking: /home/student/git/TrailBotPro/41068_ignition_bringup/install/41068_ignition_bringup/share/41068_ignition_bringup/models/forest_wall/model.config
[1.399s] -- Symlinking: /home/student/git/TrailBotPro/41068_ignition_bringup/install/41068_ignition_bringup/share/41068_ignition_bringup/models/forest_wall/model.sdf
[1.408s] -- Symlinking: /home/student/git/TrailBotPro/41068_ignition_bringup/install/41068_ignition_bringup/share/41068_ignition_bringup/models/grass_plane/materials/textures/empty_grass.png
[1.417s] -- Symlinking: /home/student/git/TrailBotPro/41068_ignition_bringup/install/41068_ignition_bringup/share/41068_ignition_bringup/models/grass_plane/model.config
[1.427s] -- Symlinking: /home/student/git/TrailBotPro/41068_ignition_bringup/install/41068_ignition_bringup/share/41068_ignition_bringup/models/grass_plane/model.sdf
[1.436s] -- Symlinking: /home/student/git/TrailBotPro/41068_ignition_bringup/install/41068_ignition_bringup/share/41068_ignition_bringup/urdf/common_properties.urdf.xacro
[1.449s] -- Symlinking: /home/student/git/TrailBotPro/41068_ignition_bringup/install/41068_ignition_bringup/share/41068_ignition_bringup/urdf/husky.gazebo.xacro
[1.463s] -- Symlinking: /home/student/git/TrailBotPro/41068_ignition_bringup/install/41068_ignition_bringup/share/41068_ignition_bringup/urdf/husky.urdf.xacro
[1.475s] -- Symlinking: /home/student/git/TrailBotPro/41068_ignition_bringup/install/41068_ignition_bringup/share/41068_ignition_bringup/urdf/meshes/base_link.dae
[1.485s] -- Symlinking: /home/student/git/TrailBotPro/41068_ignition_bringup/install/41068_ignition_bringup/share/41068_ignition_bringup/urdf/meshes/bumper.dae
[1.495s] -- Symlinking: /home/student/git/TrailBotPro/41068_ignition_bringup/install/41068_ignition_bringup/share/41068_ignition_bringup/urdf/meshes/jpl04_arch_nosensor.stl
[1.505s] -- Symlinking: /home/student/git/TrailBotPro/41068_ignition_bringup/install/41068_ignition_bringup/share/41068_ignition_bringup/urdf/meshes/top_chassis.dae
[1.516s] -- Symlinking: /home/student/git/TrailBotPro/41068_ignition_bringup/install/41068_ignition_bringup/share/41068_ignition_bringup/urdf/meshes/top_plate.dae
[1.527s] -- Symlinking: /home/student/git/TrailBotPro/41068_ignition_bringup/install/41068_ignition_bringup/share/41068_ignition_bringup/urdf/meshes/wheel.dae
[1.539s] -- Symlinking: /home/student/git/TrailBotPro/41068_ignition_bringup/install/41068_ignition_bringup/share/41068_ignition_bringup/urdf/wheel.urdf.xacro
[1.553s] -- Symlinking: /home/student/git/TrailBotPro/41068_ignition_bringup/install/41068_ignition_bringup/share/41068_ignition_bringup/worlds/large_demo.sdf
[1.563s] -- Symlinking: /home/student/git/TrailBotPro/41068_ignition_bringup/install/41068_ignition_bringup/share/41068_ignition_bringup/worlds/simple_trees.sdf
[1.572s] -- Symlinking: /home/student/git/TrailBotPro/41068_ignition_bringup/install/41068_ignition_bringup/share/41068_ignition_bringup/urdf_drone/common_properties.urdf.xacro
[1.583s] -- Symlinking: /home/student/git/TrailBotPro/41068_ignition_bringup/install/41068_ignition_bringup/share/41068_ignition_bringup/urdf_drone/meshes/hull.dae
[1.592s] -- Symlinking: /home/student/git/TrailBotPro/41068_ignition_bringup/install/41068_ignition_bringup/share/41068_ignition_bringup/urdf_drone/meshes/propeller_fl.dae
[1.603s] -- Symlinking: /home/student/git/TrailBotPro/41068_ignition_bringup/install/41068_ignition_bringup/share/41068_ignition_bringup/urdf_drone/meshes/propeller_fr.dae
[1.612s] -- Symlinking: /home/student/git/TrailBotPro/41068_ignition_bringup/install/41068_ignition_bringup/share/41068_ignition_bringup/urdf_drone/meshes/propeller_rl.dae
[1.621s] -- Symlinking: /home/student/git/TrailBotPro/41068_ignition_bringup/install/41068_ignition_bringup/share/41068_ignition_bringup/urdf_drone/meshes/propeller_rr.dae
[1.630s] -- Symlinking: /home/student/git/TrailBotPro/41068_ignition_bringup/install/41068_ignition_bringup/share/41068_ignition_bringup/urdf_drone/model.config
[1.644s] -- Symlinking: /home/student/git/TrailBotPro/41068_ignition_bringup/install/41068_ignition_bringup/share/41068_ignition_bringup/urdf_drone/model.sdf
[1.655s] -- Symlinking: /home/student/git/TrailBotPro/41068_ignition_bringup/install/41068_ignition_bringup/share/41068_ignition_bringup/urdf_drone/parrot.gazebo.xacro
[1.665s] -- Symlinking: /home/student/git/TrailBotPro/41068_ignition_bringup/install/41068_ignition_bringup/share/41068_ignition_bringup/urdf_drone/parrot.urdf.xacro
[1.675s] -- Symlinking: /home/student/git/TrailBotPro/41068_ignition_bringup/install/41068_ignition_bringup/share/41068_ignition_bringup/urdf_drone/thumbnails/1.png
[1.685s] -- Symlinking: /home/student/git/TrailBotPro/41068_ignition_bringup/install/41068_ignition_bringup/share/41068_ignition_bringup/urdf_drone/thumbnails/2.png
[1.694s] -- Symlinking: /home/student/git/TrailBotPro/41068_ignition_bringup/install/41068_ignition_bringup/share/41068_ignition_bringup/urdf_drone/thumbnails/3.png
[1.703s] -- Symlinking: /home/student/git/TrailBotPro/41068_ignition_bringup/install/41068_ignition_bringup/share/41068_ignition_bringup/urdf_drone/thumbnails/4.png
[1.712s] -- Symlinking: /home/student/git/TrailBotPro/41068_ignition_bringup/install/41068_ignition_bringup/share/41068_ignition_bringup/urdf_drone/thumbnails/5.png
[1.722s] -- Symlinking: /home/student/git/TrailBotPro/41068_ignition_bringup/install/41068_ignition_bringup/share/ament_index/resource_index/package_run_dependencies/41068_ignition_bringup
[1.732s] -- Symlinking: /home/student/git/TrailBotPro/41068_ignition_bringup/install/41068_ignition_bringup/share/ament_index/resource_index/parent_prefix_path/41068_ignition_bringup
[1.746s] -- Symlinking: /home/student/git/TrailBotPro/41068_ignition_bringup/install/41068_ignition_bringup/share/41068_ignition_bringup/environment/ament_prefix_path.sh
[1.758s] -- Symlinking: /home/student/git/TrailBotPro/41068_ignition_bringup/install/41068_ignition_bringup/share/41068_ignition_bringup/environment/ament_prefix_path.dsv
[1.768s] -- Symlinking: /home/student/git/TrailBotPro/41068_ignition_bringup/install/41068_ignition_bringup/share/41068_ignition_bringup/environment/path.sh
[1.778s] -- Symlinking: /home/student/git/TrailBotPro/41068_ignition_bringup/install/41068_ignition_bringup/share/41068_ignition_bringup/environment/path.dsv
[1.788s] -- Symlinking: /home/student/git/TrailBotPro/41068_ignition_bringup/install/41068_ignition_bringup/share/41068_ignition_bringup/local_setup.bash
[1.798s] -- Symlinking: /home/student/git/TrailBotPro/41068_ignition_bringup/install/41068_ignition_bringup/share/41068_ignition_bringup/local_setup.sh
[1.807s] -- Symlinking: /home/student/git/TrailBotPro/41068_ignition_bringup/install/41068_ignition_bringup/share/41068_ignition_bringup/local_setup.zsh
[1.818s] -- Symlinking: /home/student/git/TrailBotPro/41068_ignition_bringup/install/41068_ignition_bringup/share/41068_ignition_bringup/local_setup.dsv
[1.827s] -- Symlinking: /home/student/git/TrailBotPro/41068_ignition_bringup/install/41068_ignition_bringup/share/41068_ignition_bringup/package.dsv
[1.840s] -- Symlinking: /home/student/git/TrailBotPro/41068_ignition_bringup/install/41068_ignition_bringup/share/ament_index/resource_index/packages/41068_ignition_bringup
[1.853s] -- Symlinking: /home/student/git/TrailBotPro/41068_ignition_bringup/install/41068_ignition_bringup/share/41068_ignition_bringup/cmake/41068_ignition_bringupConfig.cmake
[1.863s] -- Symlinking: /home/student/git/TrailBotPro/41068_ignition_bringup/install/41068_ignition_bringup/share/41068_ignition_bringup/cmake/41068_ignition_bringupConfig-version.cmake
[1.872s] -- Symlinking: /home/student/git/TrailBotPro/41068_ignition_bringup/install/41068_ignition_bringup/share/41068_ignition_bringup/package.xml
[1.884s] Invoked command in '/home/student/git/TrailBotPro/41068_ignition_bringup/build/41068_ignition_bringup' returned '0': CMAKE_PREFIX_PATH=${CMAKE_PREFIX_PATH}:/opt/ros/humble /usr/bin/cmake --install /home/student/git/TrailBotPro/41068_ignition_bringup/build/41068_ignition_bringup
