[01m[K/home/student/git/TrailBotPro/mission_interface.cpp:[m[K In constructor ‘[01m[KMissionInterface::MissionInterface()[m[K’:
[01m[K/home/student/git/TrailBotPro/mission_interface.cpp:125:3:[m[K [01;31m[Kerror: [m[K‘[01m[Ktarget_topic_[m[K’ was not declared in this scope
  125 |   [01;31m[Ktarget_topic_[m[K = declare_parameter<std::string>("target_topic", "/mission/target");
      |   [01;31m[K^~~~~~~~~~~~~[m[K
[01m[K/home/student/git/TrailBotPro/mission_interface.cpp:126:3:[m[K [01;31m[Kerror: [m[K‘[01m[Kstatus_topic_[m[K’ was not declared in this scope
  126 |   [01;31m[Kstatus_topic_[m[K = declare_parameter<std::string>("status_topic", "/mission/status");
      |   [01;31m[K^~~~~~~~~~~~~[m[K
[01m[K/home/student/git/TrailBotPro/mission_interface.cpp:131:3:[m[K [01;31m[Kerror: [m[K‘[01m[Kwaypoints_[m[K’ was not declared in this scope
  131 |   [01;31m[Kwaypoints_[m[K = {
      |   [01;31m[K^~~~~~~~~~[m[K
[01m[K/home/student/git/TrailBotPro/mission_interface.cpp:136:3:[m[K [01;31m[Kerror: [m[K‘[01m[Kcurrent_idx_[m[K’ was not declared in this scope
  136 |   [01;31m[Kcurrent_idx_[m[K = 0;
      |   [01;31m[K^~~~~~~~~~~~[m[K
[01m[K/home/student/git/TrailBotPro/mission_interface.cpp:141:3:[m[K [01;31m[Kerror: [m[K‘[01m[Kpub_target_[m[K’ was not declared in this scope
  141 |   [01;31m[Kpub_target_[m[K = create_publisher<geometry_msgs::msg::PoseStamped>(target_topic_, qos);
      |   [01;31m[K^~~~~~~~~~~[m[K
[01m[K/home/student/git/TrailBotPro/mission_interface.cpp:141:54:[m[K [01;31m[Kerror: [m[K‘[01m[KPoseStamped[m[K’ is not a member of ‘[01m[Kgeometry_msgs::msg[m[K’
  141 |   pub_target_ = create_publisher<geometry_msgs::msg::[01;31m[KPoseStamped[m[K>(target_topic_, qos);
      |                                                      [01;31m[K^~~~~~~~~~~[m[K
[01m[K/home/student/git/TrailBotPro/mission_interface.cpp:142:3:[m[K [01;31m[Kerror: [m[K‘[01m[Ksub_status_[m[K’ was not declared in this scope; did you mean ‘[01m[Ksi_status[m[K’?
  142 |   [01;31m[Ksub_status_[m[K = create_subscription<std_msgs::msg::String>(
      |   [01;31m[K^~~~~~~~~~~[m[K
      |   [32m[Ksi_status[m[K
[01m[K/home/student/git/TrailBotPro/mission_interface.cpp:142:52:[m[K [01;31m[Kerror: [m[K‘[01m[KString[m[K’ is not a member of ‘[01m[Kstd_msgs::msg[m[K’
  142 |   sub_status_ = create_subscription<std_msgs::msg::[01;31m[KString[m[K>(
      |                                                    [01;31m[K^~~~~~[m[K
[01m[K/home/student/git/TrailBotPro/mission_interface.cpp:144:36:[m[K [01;31m[Kerror: [m[K‘[01m[Kstatus_cb[m[K’ is not a member of ‘[01m[KMissionInterface[m[K’
  144 |       std::bind(&MissionInterface::[01;31m[Kstatus_cb[m[K, this, std::placeholders::_1));
      |                                    [01;31m[K^~~~~~~~~[m[K
[01m[K/home/student/git/TrailBotPro/mission_interface.cpp:145:3:[m[K [01;31m[Kerror: [m[K‘[01m[Ksub_odom_[m[K’ was not declared in this scope
  145 |   [01;31m[Ksub_odom_[m[K = create_subscription<nav_msgs::msg::Odometry>(
      |   [01;31m[K^~~~~~~~~[m[K
[01m[K/home/student/git/TrailBotPro/mission_interface.cpp:[m[K At global scope:
[01m[K/home/student/git/TrailBotPro/mission_interface.cpp:159:55:[m[K [01;31m[Kerror: [m[K‘[01m[KString[m[K’ in namespace ‘[01m[Kstd_msgs::msg[m[K’ does not name a type
  159 | void MissionInterface::status_cb(const std_msgs::msg::[01;31m[KString[m[K::SharedPtr msg)
      |                                                       [01;31m[K^~~~~~[m[K
[01m[K/home/student/git/TrailBotPro/mission_interface.cpp:159:73:[m[K [01;31m[Kerror: [m[Kexpected unqualified-id before ‘[01m[Kmsg[m[K’
  159 | void MissionInterface::status_cb(const std_msgs::msg::String::SharedPtr [01;31m[Kmsg[m[K)
      |                                                                         [01;31m[K^~~[m[K
[01m[K/home/student/git/TrailBotPro/mission_interface.cpp:159:72:[m[K [01;31m[Kerror: [m[Kexpected ‘[01m[K)[m[K’ before ‘[01m[Kmsg[m[K’
  159 | void MissionInterface::status_cb[34m[K([m[Kconst std_msgs::msg::String::SharedPtr[01;31m[K [m[K[32m[Kmsg[m[K)
      |                                 [34m[K~[m[K                                      [01;31m[K^[m[K[32m[K~~~[m[K
      |                                                                        [32m[K)[m[K
[01m[K/home/student/git/TrailBotPro/mission_interface.cpp:159:73:[m[K [01;31m[Kerror: [m[Kexpected initializer before ‘[01m[Kmsg[m[K’
  159 | void MissionInterface::status_cb(const std_msgs::msg::String::SharedPtr [01;31m[Kmsg[m[K)
      |                                                                         [01;31m[K^~~[m[K
[01m[K/home/student/git/TrailBotPro/mission_interface.cpp:170:6:[m[K [01;31m[Kerror: [m[Kno declaration matches ‘[01m[Kvoid MissionInterface::send_target(double, double, double)[m[K’
  170 | void [01;31m[KMissionInterface[m[K::send_target(double x, double y, double yaw)
      |      [01;31m[K^~~~~~~~~~~~~~~~[m[K
[01m[K/home/student/git/TrailBotPro/mission_interface.cpp:170:6:[m[K [01;36m[Knote: [m[Kno functions named ‘[01m[Kvoid MissionInterface::send_target(double, double, double)[m[K’
In file included from [01m[K/home/student/git/TrailBotPro/mission_interface.cpp:113[m[K:
[01m[K/home/student/git/TrailBotPro/mission_interface.h:9:7:[m[K [01;36m[Knote: [m[K‘[01m[Kclass MissionInterface[m[K’ defined here
    9 | class [01;36m[KMissionInterface[m[K : public rclcpp::Node {
      |       [01;36m[K^~~~~~~~~~~~~~~~[m[K
[01m[K/home/student/git/TrailBotPro/mission_interface.cpp:[m[K In member function ‘[01m[Kvoid MissionInterface::tick()[m[K’:
[01m[K/home/student/git/TrailBotPro/mission_interface.cpp:193:19:[m[K [01;31m[Kerror: [m[K‘[01m[Kwaypoints_[m[K’ was not declared in this scope
  193 |       send_target([01;31m[Kwaypoints_[m[K[current_idx_].x, waypoints_[current_idx_].y, waypoints_[current_idx_].yaw);
      |                   [01;31m[K^~~~~~~~~~[m[K
[01m[K/home/student/git/TrailBotPro/mission_interface.cpp:193:30:[m[K [01;31m[Kerror: [m[K‘[01m[Kcurrent_idx_[m[K’ was not declared in this scope
  193 |       send_target(waypoints_[[01;31m[Kcurrent_idx_[m[K].x, waypoints_[current_idx_].y, waypoints_[current_idx_].yaw);
      |                              [01;31m[K^~~~~~~~~~~~[m[K
[01m[K/home/student/git/TrailBotPro/mission_interface.cpp:193:7:[m[K [01;31m[Kerror: [m[K‘[01m[Ksend_target[m[K’ was not declared in this scope
  193 |       [01;31m[Ksend_target[m[K(waypoints_[current_idx_].x, waypoints_[current_idx_].y, waypoints_[current_idx_].yaw);
      |       [01;31m[K^~~~~~~~~~~[m[K
[01m[K/home/student/git/TrailBotPro/mission_interface.cpp:194:23:[m[K [01;31m[Kerror: [m[K‘[01m[KWAIT_ARRIVAL[m[K’ is not a member of ‘[01m[KMissionInterface::Phase[m[K’
  194 |       phase_ = Phase::[01;31m[KWAIT_ARRIVAL[m[K;
      |                       [01;31m[K^~~~~~~~~~~~[m[K
[01m[K/home/student/git/TrailBotPro/mission_interface.cpp:197:17:[m[K [01;31m[Kerror: [m[K‘[01m[KWAIT_ARRIVAL[m[K’ is not a member of ‘[01m[KMissionInterface::Phase[m[K’
  197 |     case Phase::[01;31m[KWAIT_ARRIVAL[m[K:
      |                 [01;31m[K^~~~~~~~~~~~[m[K
[01m[K/home/student/git/TrailBotPro/mission_interface.cpp:210:25:[m[K [01;31m[Kerror: [m[K‘[01m[KWAIT_ARRIVAL[m[K’ is not a member of ‘[01m[KMissionInterface::Phase[m[K’
  210 |         phase_ = Phase::[01;31m[KWAIT_ARRIVAL[m[K;
      |                         [01;31m[K^~~~~~~~~~~~[m[K
[01m[K/home/student/git/TrailBotPro/mission_interface.cpp:185:10:[m[K [01;35m[Kwarning: [m[Kenumeration value ‘[01m[KFORWARD[m[K’ not handled in switch [[01;35m[K]8;;https://gcc.gnu.org/onlinedocs/gcc/Warning-Options.html#index-Wswitch-Wswitch]8;;[m[K]
  185 |   switch [01;35m[K([m[Kphase_)
      |          [01;35m[K^[m[K
[01m[K/home/student/git/TrailBotPro/mission_interface.cpp:185:10:[m[K [01;35m[Kwarning: [m[Kenumeration value ‘[01m[KREVERSE[m[K’ not handled in switch [[01;35m[K]8;;https://gcc.gnu.org/onlinedocs/gcc/Warning-Options.html#index-Wswitch-Wswitch]8;;[m[K]
gmake[2]: *** [CMakeFiles/mission_interface.dir/build.make:76: CMakeFiles/mission_interface.dir/mission_interface.cpp.o] Error 1
gmake[1]: *** [CMakeFiles/Makefile2:165: CMakeFiles/mission_interface.dir/all] Error 2
gmake: *** [Makefile:146: all] Error 2
