[0.016s] Invoking command in '/home/student/git/TrailBotPro/ws/build/41068_ignition_bringup': CMAKE_PREFIX_PATH=${CMAKE_PREFIX_PATH}:/opt/ros/humble /usr/bin/cmake /home/student/git/TrailBotPro/ws/src/41068_ignition_bringup -DAMENT_CMAKE_SYMLINK_INSTALL=1 -DCMAKE_INSTALL_PREFIX=/home/student/git/TrailBotPro/ws/install/41068_ignition_bringup
[0.100s] -- The C compiler identification is GNU 11.4.0
[0.169s] -- The CXX compiler identification is GNU 11.4.0
[0.177s] -- Detecting C compiler ABI info
[0.256s] -- Detecting C compiler ABI info - done
[0.265s] -- Check for working C compiler: /usr/bin/cc - skipped
[0.265s] -- Detecting C compile features
[0.265s] -- Detecting C compile features - done
[0.268s] -- Detecting CXX compiler ABI info
[0.361s] -- Detecting CXX compiler ABI info - done
[0.369s] -- Check for working CXX compiler: /usr/bin/c++ - skipped
[0.369s] -- Detecting CXX compile features
[0.370s] -- Detecting CXX compile features - done
[0.373s] -- Found ament_cmake: 1.3.12 (/opt/ros/humble/share/ament_cmake/cmake)
[0.542s] -- Found Python3: /usr/bin/python3 (found version "3.10.12") found components: Interpreter 
[0.612s] -- Override CMake install command with custom implementation using symlinks instead of copying resources
[0.676s] -- Found ros_ign_interfaces: 0.244.20 (/opt/ros/humble/share/ros_ign_interfaces/cmake)
[0.715s] -- Found rosidl_generator_c: 3.1.7 (/opt/ros/humble/share/rosidl_generator_c/cmake)
[0.724s] -- Found rosidl_adapter: 3.1.7 (/opt/ros/humble/share/rosidl_adapter/cmake)
[0.734s] -- Found rosidl_generator_cpp: 3.1.7 (/opt/ros/humble/share/rosidl_generator_cpp/cmake)
[0.747s] -- Using all available rosidl_typesupport_c: rosidl_typesupport_fastrtps_c;rosidl_typesupport_introspection_c
[0.764s] -- Using all available rosidl_typesupport_cpp: rosidl_typesupport_fastrtps_cpp;rosidl_typesupport_introspection_cpp
[0.867s] -- Found ament_lint_auto: 0.12.14 (/opt/ros/humble/share/ament_lint_auto/cmake)
[0.930s] WARNING: Package name "41068_ignition_bringup" does not follow the naming conventions. It should start with a lower case letter and only contain lower case letters, digits, underscores, and dashes.
[0.963s] -- Added test 'copyright' to check source files copyright and LICENSE
[0.973s] -- Added test 'cppcheck' to perform static code analysis on C / C++ code
[0.973s] -- Configured cppcheck include dirs: 
[0.973s] -- Configured cppcheck exclude dirs and/or files: 
[0.983s] -- Added test 'cpplint' to check C / C++ code against the Google style
[0.983s] -- Configured cpplint exclude dirs and/or files: 
[0.985s] -- Added test 'flake8' to check Python code syntax and style conventions
[0.988s] -- Added test 'lint_cmake' to check CMake code style
[0.989s] -- Added test 'pep257' to check Python code against some of the docstring style conventions in PEP 257
[0.999s] -- Added test 'uncrustify' to check C / C++ code style
[0.999s] -- Configured uncrustify additional arguments: 
[1.001s] -- Added test 'xmllint' to check XML markup files
[1.002s] -- Configuring done
[1.006s] -- Generating done
[1.008s] -- Build files have been written to: /home/student/git/TrailBotPro/ws/build/41068_ignition_bringup
[1.025s] Invoked command in '/home/student/git/TrailBotPro/ws/build/41068_ignition_bringup' returned '0': CMAKE_PREFIX_PATH=${CMAKE_PREFIX_PATH}:/opt/ros/humble /usr/bin/cmake /home/student/git/TrailBotPro/ws/src/41068_ignition_bringup -DAMENT_CMAKE_SYMLINK_INSTALL=1 -DCMAKE_INSTALL_PREFIX=/home/student/git/TrailBotPro/ws/install/41068_ignition_bringup
[1.026s] Invoking command in '/home/student/git/TrailBotPro/ws/build/41068_ignition_bringup': CMAKE_PREFIX_PATH=${CMAKE_PREFIX_PATH}:/opt/ros/humble /usr/bin/cmake --build /home/student/git/TrailBotPro/ws/build/41068_ignition_bringup -- -j8 -l8
[1.070s] Invoked command in '/home/student/git/TrailBotPro/ws/build/41068_ignition_bringup' returned '0': CMAKE_PREFIX_PATH=${CMAKE_PREFIX_PATH}:/opt/ros/humble /usr/bin/cmake --build /home/student/git/TrailBotPro/ws/build/41068_ignition_bringup -- -j8 -l8
[1.082s] Invoking command in '/home/student/git/TrailBotPro/ws/build/41068_ignition_bringup': CMAKE_PREFIX_PATH=${CMAKE_PREFIX_PATH}:/opt/ros/humble /usr/bin/cmake --install /home/student/git/TrailBotPro/ws/build/41068_ignition_bringup
[1.089s] -- Install configuration: ""
[1.089s] -- Execute custom install script
[1.090s] -- Symlinking: /home/student/git/TrailBotPro/ws/install/41068_ignition_bringup/share/41068_ignition_bringup/config/41068.rviz
[1.099s] -- Symlinking: /home/student/git/TrailBotPro/ws/install/41068_ignition_bringup/share/41068_ignition_bringup/config/gazebo_bridge.yaml
[1.109s] -- Symlinking: /home/student/git/TrailBotPro/ws/install/41068_ignition_bringup/share/41068_ignition_bringup/config/nav2_params.yaml
[1.120s] -- Symlinking: /home/student/git/TrailBotPro/ws/install/41068_ignition_bringup/share/41068_ignition_bringup/config/robot_localization.yaml
[1.132s] -- Symlinking: /home/student/git/TrailBotPro/ws/install/41068_ignition_bringup/share/41068_ignition_bringup/config/slam_params.yaml
[1.142s] -- Symlinking: /home/student/git/TrailBotPro/ws/install/41068_ignition_bringup/share/41068_ignition_bringup/launch/41068_ignition.launch.py
[1.151s] -- Symlinking: /home/student/git/TrailBotPro/ws/install/41068_ignition_bringup/share/41068_ignition_bringup/launch/41068_ignition_drone.launch.py
[1.160s] -- Symlinking: /home/student/git/TrailBotPro/ws/install/41068_ignition_bringup/share/41068_ignition_bringup/launch/41068_navigation.launch.py
[1.171s] -- Symlinking: /home/student/git/TrailBotPro/ws/install/41068_ignition_bringup/share/41068_ignition_bringup/models/forest_plane/materials/textures/empty_grass.png
[1.180s] -- Symlinking: /home/student/git/TrailBotPro/ws/install/41068_ignition_bringup/share/41068_ignition_bringup/models/forest_plane/materials/textures/forest_overhead.png
[1.189s] -- Symlinking: /home/student/git/TrailBotPro/ws/install/41068_ignition_bringup/share/41068_ignition_bringup/models/forest_plane/materials/textures/leaf_litter.png
[1.197s] -- Symlinking: /home/student/git/TrailBotPro/ws/install/41068_ignition_bringup/share/41068_ignition_bringup/models/forest_plane/model.config
[1.206s] -- Symlinking: /home/student/git/TrailBotPro/ws/install/41068_ignition_bringup/share/41068_ignition_bringup/models/forest_plane/model.sdf
[1.219s] -- Symlinking: /home/student/git/TrailBotPro/ws/install/41068_ignition_bringup/share/41068_ignition_bringup/models/forest_wall/materials/textures/forest_wall.png
[1.230s] -- Symlinking: /home/student/git/TrailBotPro/ws/install/41068_ignition_bringup/share/41068_ignition_bringup/models/forest_wall/materials/textures/forest_wall_transparent.png
[1.241s] -- Symlinking: /home/student/git/TrailBotPro/ws/install/41068_ignition_bringup/share/41068_ignition_bringup/models/forest_wall/materials/textures/forest_wall_transparent_small.png
[1.251s] -- Symlinking: /home/student/git/TrailBotPro/ws/install/41068_ignition_bringup/share/41068_ignition_bringup/models/forest_wall/model.config
[1.260s] -- Symlinking: /home/student/git/TrailBotPro/ws/install/41068_ignition_bringup/share/41068_ignition_bringup/models/forest_wall/model.sdf
[1.269s] -- Symlinking: /home/student/git/TrailBotPro/ws/install/41068_ignition_bringup/share/41068_ignition_bringup/models/grass_plane/materials/textures/empty_grass.png
[1.279s] -- Symlinking: /home/student/git/TrailBotPro/ws/install/41068_ignition_bringup/share/41068_ignition_bringup/models/grass_plane/model.config
[1.287s] -- Symlinking: /home/student/git/TrailBotPro/ws/install/41068_ignition_bringup/share/41068_ignition_bringup/models/grass_plane/model.sdf
[1.297s] -- Symlinking: /home/student/git/TrailBotPro/ws/install/41068_ignition_bringup/share/41068_ignition_bringup/urdf/common_properties.urdf.xacro
[1.306s] -- Symlinking: /home/student/git/TrailBotPro/ws/install/41068_ignition_bringup/share/41068_ignition_bringup/urdf/husky.gazebo.xacro
[1.318s] -- Symlinking: /home/student/git/TrailBotPro/ws/install/41068_ignition_bringup/share/41068_ignition_bringup/urdf/husky.urdf.xacro
[1.330s] -- Symlinking: /home/student/git/TrailBotPro/ws/install/41068_ignition_bringup/share/41068_ignition_bringup/urdf/meshes/base_link.dae
[1.340s] -- Symlinking: /home/student/git/TrailBotPro/ws/install/41068_ignition_bringup/share/41068_ignition_bringup/urdf/meshes/bumper.dae
[1.349s] -- Symlinking: /home/student/git/TrailBotPro/ws/install/41068_ignition_bringup/share/41068_ignition_bringup/urdf/meshes/jpl04_arch_nosensor.stl
[1.358s] -- Symlinking: /home/student/git/TrailBotPro/ws/install/41068_ignition_bringup/share/41068_ignition_bringup/urdf/meshes/top_chassis.dae
[1.367s] -- Symlinking: /home/student/git/TrailBotPro/ws/install/41068_ignition_bringup/share/41068_ignition_bringup/urdf/meshes/top_plate.dae
[1.377s] -- Symlinking: /home/student/git/TrailBotPro/ws/install/41068_ignition_bringup/share/41068_ignition_bringup/urdf/meshes/wheel.dae
[1.386s] -- Symlinking: /home/student/git/TrailBotPro/ws/install/41068_ignition_bringup/share/41068_ignition_bringup/urdf/wheel.urdf.xacro
[1.396s] -- Symlinking: /home/student/git/TrailBotPro/ws/install/41068_ignition_bringup/share/41068_ignition_bringup/worlds/large_demo.sdf
[1.405s] -- Symlinking: /home/student/git/TrailBotPro/ws/install/41068_ignition_bringup/share/41068_ignition_bringup/worlds/simple_trees.sdf
[1.420s] -- Symlinking: /home/student/git/TrailBotPro/ws/install/41068_ignition_bringup/share/41068_ignition_bringup/urdf_drone/common_properties.urdf.xacro
[1.431s] -- Symlinking: /home/student/git/TrailBotPro/ws/install/41068_ignition_bringup/share/41068_ignition_bringup/urdf_drone/meshes/hull.dae
[1.441s] -- Symlinking: /home/student/git/TrailBotPro/ws/install/41068_ignition_bringup/share/41068_ignition_bringup/urdf_drone/meshes/propeller_fl.dae
[1.450s] -- Symlinking: /home/student/git/TrailBotPro/ws/install/41068_ignition_bringup/share/41068_ignition_bringup/urdf_drone/meshes/propeller_fr.dae
[1.460s] -- Symlinking: /home/student/git/TrailBotPro/ws/install/41068_ignition_bringup/share/41068_ignition_bringup/urdf_drone/meshes/propeller_rl.dae
[1.469s] -- Symlinking: /home/student/git/TrailBotPro/ws/install/41068_ignition_bringup/share/41068_ignition_bringup/urdf_drone/meshes/propeller_rr.dae
[1.478s] -- Symlinking: /home/student/git/TrailBotPro/ws/install/41068_ignition_bringup/share/41068_ignition_bringup/urdf_drone/model.config
[1.488s] -- Symlinking: /home/student/git/TrailBotPro/ws/install/41068_ignition_bringup/share/41068_ignition_bringup/urdf_drone/model.sdf
[1.497s] -- Symlinking: /home/student/git/TrailBotPro/ws/install/41068_ignition_bringup/share/41068_ignition_bringup/urdf_drone/parrot.gazebo.xacro
[1.506s] -- Symlinking: /home/student/git/TrailBotPro/ws/install/41068_ignition_bringup/share/41068_ignition_bringup/urdf_drone/parrot.urdf.xacro
[1.517s] -- Symlinking: /home/student/git/TrailBotPro/ws/install/41068_ignition_bringup/share/41068_ignition_bringup/urdf_drone/thumbnails/1.png
[1.530s] -- Symlinking: /home/student/git/TrailBotPro/ws/install/41068_ignition_bringup/share/41068_ignition_bringup/urdf_drone/thumbnails/2.png
[1.541s] -- Symlinking: /home/student/git/TrailBotPro/ws/install/41068_ignition_bringup/share/41068_ignition_bringup/urdf_drone/thumbnails/3.png
[1.551s] -- Symlinking: /home/student/git/TrailBotPro/ws/install/41068_ignition_bringup/share/41068_ignition_bringup/urdf_drone/thumbnails/4.png
[1.561s] -- Symlinking: /home/student/git/TrailBotPro/ws/install/41068_ignition_bringup/share/41068_ignition_bringup/urdf_drone/thumbnails/5.png
[1.571s] -- Symlinking: /home/student/git/TrailBotPro/ws/install/41068_ignition_bringup/share/ament_index/resource_index/package_run_dependencies/41068_ignition_bringup
[1.582s] -- Symlinking: /home/student/git/TrailBotPro/ws/install/41068_ignition_bringup/share/ament_index/resource_index/parent_prefix_path/41068_ignition_bringup
[1.591s] -- Symlinking: /home/student/git/TrailBotPro/ws/install/41068_ignition_bringup/share/41068_ignition_bringup/environment/ament_prefix_path.sh
[1.603s] -- Symlinking: /home/student/git/TrailBotPro/ws/install/41068_ignition_bringup/share/41068_ignition_bringup/environment/ament_prefix_path.dsv
[1.613s] -- Symlinking: /home/student/git/TrailBotPro/ws/install/41068_ignition_bringup/share/41068_ignition_bringup/environment/path.sh
[1.626s] -- Symlinking: /home/student/git/TrailBotPro/ws/install/41068_ignition_bringup/share/41068_ignition_bringup/environment/path.dsv
[1.636s] -- Symlinking: /home/student/git/TrailBotPro/ws/install/41068_ignition_bringup/share/41068_ignition_bringup/local_setup.bash
[1.646s] -- Symlinking: /home/student/git/TrailBotPro/ws/install/41068_ignition_bringup/share/41068_ignition_bringup/local_setup.sh
[1.655s] -- Symlinking: /home/student/git/TrailBotPro/ws/install/41068_ignition_bringup/share/41068_ignition_bringup/local_setup.zsh
[1.664s] -- Symlinking: /home/student/git/TrailBotPro/ws/install/41068_ignition_bringup/share/41068_ignition_bringup/local_setup.dsv
[1.673s] -- Symlinking: /home/student/git/TrailBotPro/ws/install/41068_ignition_bringup/share/41068_ignition_bringup/package.dsv
[1.682s] -- Symlinking: /home/student/git/TrailBotPro/ws/install/41068_ignition_bringup/share/ament_index/resource_index/packages/41068_ignition_bringup
[1.690s] -- Symlinking: /home/student/git/TrailBotPro/ws/install/41068_ignition_bringup/share/41068_ignition_bringup/cmake/41068_ignition_bringupConfig.cmake
[1.699s] -- Symlinking: /home/student/git/TrailBotPro/ws/install/41068_ignition_bringup/share/41068_ignition_bringup/cmake/41068_ignition_bringupConfig-version.cmake
[1.709s] -- Symlinking: /home/student/git/TrailBotPro/ws/install/41068_ignition_bringup/share/41068_ignition_bringup/package.xml
[1.725s] Invoked command in '/home/student/git/TrailBotPro/ws/build/41068_ignition_bringup' returned '0': CMAKE_PREFIX_PATH=${CMAKE_PREFIX_PATH}:/opt/ros/humble /usr/bin/cmake --install /home/student/git/TrailBotPro/ws/build/41068_ignition_bringup
