[0.023s] Invoking command in '/home/student/git/TrailBotPro/build/41068_ignition_bringup': CMAKE_PREFIX_PATH=${CMAKE_PREFIX_PATH}:/opt/ros/humble /usr/bin/cmake --build /home/student/git/TrailBotPro/build/41068_ignition_bringup -- -j8 -l8
[0.180s] [35m[1mConsolidate compiler generated dependencies of target dronecontroller[0m
[0.230s] [ 50%] Built target dronecontroller
[0.254s] [35m[1mConsolidate compiler generated dependencies of target mission_interface[0m
[0.335s] [100%] Built target mission_interface
[0.390s] Invoked command in '/home/student/git/TrailBotPro/build/41068_ignition_bringup' returned '0': CMAKE_PREFIX_PATH=${CMAKE_PREFIX_PATH}:/opt/ros/humble /usr/bin/cmake --build /home/student/git/TrailBotPro/build/41068_ignition_bringup -- -j8 -l8
[0.405s] Invoking command in '/home/student/git/TrailBotPro/build/41068_ignition_bringup': CMAKE_PREFIX_PATH=${CMAKE_PREFIX_PATH}:/opt/ros/humble /usr/bin/cmake --install /home/student/git/TrailBotPro/build/41068_ignition_bringup
[0.415s] -- Install configuration: ""
[0.418s] -- Execute custom install script
[0.418s] -- Up-to-date symlink: /home/student/git/TrailBotPro/install/41068_ignition_bringup/lib/41068_ignition_bringup/dronecontroller
[0.419s] -- Up-to-date symlink: /home/student/git/TrailBotPro/install/41068_ignition_bringup/lib/41068_ignition_bringup/mission_interface
[0.424s] -- Up-to-date symlink: /home/student/git/TrailBotPro/install/41068_ignition_bringup/share/41068_ignition_bringup/config/41068.rviz
[0.424s] -- Up-to-date symlink: /home/student/git/TrailBotPro/install/41068_ignition_bringup/share/41068_ignition_bringup/config/gazebo_bridge.yaml
[0.424s] -- Up-to-date symlink: /home/student/git/TrailBotPro/install/41068_ignition_bringup/share/41068_ignition_bringup/config/nav2_params.yaml
[0.424s] -- Up-to-date symlink: /home/student/git/TrailBotPro/install/41068_ignition_bringup/share/41068_ignition_bringup/config/robot_localization.yaml
[0.424s] -- Up-to-date symlink: /home/student/git/TrailBotPro/install/41068_ignition_bringup/share/41068_ignition_bringup/config/slam_params.yaml
[0.425s] -- Up-to-date symlink: /home/student/git/TrailBotPro/install/41068_ignition_bringup/share/41068_ignition_bringup/launch/41068_ignition.launch.py
[0.425s] -- Up-to-date symlink: /home/student/git/TrailBotPro/install/41068_ignition_bringup/share/41068_ignition_bringup/launch/41068_ignition_drone.launch.py
[0.425s] -- Up-to-date symlink: /home/student/git/TrailBotPro/install/41068_ignition_bringup/share/41068_ignition_bringup/launch/41068_navigation.launch.py
[0.425s] -- Up-to-date symlink: /home/student/git/TrailBotPro/install/41068_ignition_bringup/share/41068_ignition_bringup/models/forest_plane/materials/textures/empty_grass.png
[0.425s] -- Up-to-date symlink: /home/student/git/TrailBotPro/install/41068_ignition_bringup/share/41068_ignition_bringup/models/forest_plane/materials/textures/forest_overhead.png
[0.425s] -- Up-to-date symlink: /home/student/git/TrailBotPro/install/41068_ignition_bringup/share/41068_ignition_bringup/models/forest_plane/materials/textures/leaf_litter.png
[0.425s] -- Up-to-date symlink: /home/student/git/TrailBotPro/install/41068_ignition_bringup/share/41068_ignition_bringup/models/forest_plane/model.config
[0.426s] -- Up-to-date symlink: /home/student/git/TrailBotPro/install/41068_ignition_bringup/share/41068_ignition_bringup/models/forest_plane/model.sdf
[0.426s] -- Up-to-date symlink: /home/student/git/TrailBotPro/install/41068_ignition_bringup/share/41068_ignition_bringup/models/forest_wall/materials/textures/forest_wall.png
[0.426s] -- Up-to-date symlink: /home/student/git/TrailBotPro/install/41068_ignition_bringup/share/41068_ignition_bringup/models/forest_wall/materials/textures/forest_wall_transparent.png
[0.426s] -- Up-to-date symlink: /home/student/git/TrailBotPro/install/41068_ignition_bringup/share/41068_ignition_bringup/models/forest_wall/materials/textures/forest_wall_transparent_small.png
[0.426s] -- Up-to-date symlink: /home/student/git/TrailBotPro/install/41068_ignition_bringup/share/41068_ignition_bringup/models/forest_wall/model.config
[0.426s] -- Up-to-date symlink: /home/student/git/TrailBotPro/install/41068_ignition_bringup/share/41068_ignition_bringup/models/forest_wall/model.sdf
[0.426s] -- Up-to-date symlink: /home/student/git/TrailBotPro/install/41068_ignition_bringup/share/41068_ignition_bringup/models/grass_plane/materials/textures/empty_grass.png
[0.426s] -- Up-to-date symlink: /home/student/git/TrailBotPro/install/41068_ignition_bringup/share/41068_ignition_bringup/models/grass_plane/model.config
[0.427s] -- Up-to-date symlink: /home/student/git/TrailBotPro/install/41068_ignition_bringup/share/41068_ignition_bringup/models/grass_plane/model.sdf
[0.427s] -- Up-to-date symlink: /home/student/git/TrailBotPro/install/41068_ignition_bringup/share/41068_ignition_bringup/urdf/common_properties.urdf.xacro
[0.427s] -- Up-to-date symlink: /home/student/git/TrailBotPro/install/41068_ignition_bringup/share/41068_ignition_bringup/urdf/husky.gazebo.xacro
[0.427s] -- Up-to-date symlink: /home/student/git/TrailBotPro/install/41068_ignition_bringup/share/41068_ignition_bringup/urdf/husky.urdf.xacro
[0.427s] -- Up-to-date symlink: /home/student/git/TrailBotPro/install/41068_ignition_bringup/share/41068_ignition_bringup/urdf/meshes/base_link.dae
[0.428s] -- Up-to-date symlink: /home/student/git/TrailBotPro/install/41068_ignition_bringup/share/41068_ignition_bringup/urdf/meshes/bumper.dae
[0.428s] -- Up-to-date symlink: /home/student/git/TrailBotPro/install/41068_ignition_bringup/share/41068_ignition_bringup/urdf/meshes/jpl04_arch_nosensor.stl
[0.428s] -- Up-to-date symlink: /home/student/git/TrailBotPro/install/41068_ignition_bringup/share/41068_ignition_bringup/urdf/meshes/top_chassis.dae
[0.428s] -- Up-to-date symlink: /home/student/git/TrailBotPro/install/41068_ignition_bringup/share/41068_ignition_bringup/urdf/meshes/top_plate.dae
[0.428s] -- Up-to-date symlink: /home/student/git/TrailBotPro/install/41068_ignition_bringup/share/41068_ignition_bringup/urdf/meshes/wheel.dae
[0.429s] -- Up-to-date symlink: /home/student/git/TrailBotPro/install/41068_ignition_bringup/share/41068_ignition_bringup/urdf/wheel.urdf.xacro
[0.429s] -- Up-to-date symlink: /home/student/git/TrailBotPro/install/41068_ignition_bringup/share/41068_ignition_bringup/urdf_drone/common_properties.urdf.xacro
[0.430s] -- Up-to-date symlink: /home/student/git/TrailBotPro/install/41068_ignition_bringup/share/41068_ignition_bringup/urdf_drone/meshes/hull.dae
[0.430s] -- Up-to-date symlink: /home/student/git/TrailBotPro/install/41068_ignition_bringup/share/41068_ignition_bringup/urdf_drone/meshes/propeller_fl.dae
[0.431s] -- Up-to-date symlink: /home/student/git/TrailBotPro/install/41068_ignition_bringup/share/41068_ignition_bringup/urdf_drone/meshes/propeller_fr.dae
[0.431s] -- Up-to-date symlink: /home/student/git/TrailBotPro/install/41068_ignition_bringup/share/41068_ignition_bringup/urdf_drone/meshes/propeller_rl.dae
[0.432s] -- Up-to-date symlink: /home/student/git/TrailBotPro/install/41068_ignition_bringup/share/41068_ignition_bringup/urdf_drone/meshes/propeller_rr.dae
[0.432s] -- Up-to-date symlink: /home/student/git/TrailBotPro/install/41068_ignition_bringup/share/41068_ignition_bringup/urdf_drone/model.config
[0.433s] -- Up-to-date symlink: /home/student/git/TrailBotPro/install/41068_ignition_bringup/share/41068_ignition_bringup/urdf_drone/model.sdf
[0.433s] -- Up-to-date symlink: /home/student/git/TrailBotPro/install/41068_ignition_bringup/share/41068_ignition_bringup/urdf_drone/parrot.gazebo.xacro
[0.434s] -- Up-to-date symlink: /home/student/git/TrailBotPro/install/41068_ignition_bringup/share/41068_ignition_bringup/urdf_drone/parrot.urdf.xacro
[0.434s] -- Up-to-date symlink: /home/student/git/TrailBotPro/install/41068_ignition_bringup/share/41068_ignition_bringup/urdf_drone/thumbnails/1.png
[0.434s] -- Up-to-date symlink: /home/student/git/TrailBotPro/install/41068_ignition_bringup/share/41068_ignition_bringup/urdf_drone/thumbnails/2.png
[0.435s] -- Up-to-date symlink: /home/student/git/TrailBotPro/install/41068_ignition_bringup/share/41068_ignition_bringup/urdf_drone/thumbnails/3.png
[0.435s] -- Up-to-date symlink: /home/student/git/TrailBotPro/install/41068_ignition_bringup/share/41068_ignition_bringup/urdf_drone/thumbnails/4.png
[0.436s] -- Up-to-date symlink: /home/student/git/TrailBotPro/install/41068_ignition_bringup/share/41068_ignition_bringup/urdf_drone/thumbnails/5.png
[0.436s] -- Up-to-date symlink: /home/student/git/TrailBotPro/install/41068_ignition_bringup/share/41068_ignition_bringup/worlds/large_demo.sdf
[0.438s] -- Up-to-date symlink: /home/student/git/TrailBotPro/install/41068_ignition_bringup/share/41068_ignition_bringup/worlds/simple_trees.sdf
[0.438s] -- Up-to-date symlink: /home/student/git/TrailBotPro/install/41068_ignition_bringup/share/ament_index/resource_index/package_run_dependencies/41068_ignition_bringup
[0.438s] -- Up-to-date symlink: /home/student/git/TrailBotPro/install/41068_ignition_bringup/share/ament_index/resource_index/parent_prefix_path/41068_ignition_bringup
[0.439s] -- Up-to-date symlink: /home/student/git/TrailBotPro/install/41068_ignition_bringup/share/41068_ignition_bringup/environment/ament_prefix_path.sh
[0.440s] -- Up-to-date symlink: /home/student/git/TrailBotPro/install/41068_ignition_bringup/share/41068_ignition_bringup/environment/ament_prefix_path.dsv
[0.440s] -- Up-to-date symlink: /home/student/git/TrailBotPro/install/41068_ignition_bringup/share/41068_ignition_bringup/environment/path.sh
[0.441s] -- Up-to-date symlink: /home/student/git/TrailBotPro/install/41068_ignition_bringup/share/41068_ignition_bringup/environment/path.dsv
[0.441s] -- Up-to-date symlink: /home/student/git/TrailBotPro/install/41068_ignition_bringup/share/41068_ignition_bringup/local_setup.bash
[0.442s] -- Up-to-date symlink: /home/student/git/TrailBotPro/install/41068_ignition_bringup/share/41068_ignition_bringup/local_setup.sh
[0.442s] -- Up-to-date symlink: /home/student/git/TrailBotPro/install/41068_ignition_bringup/share/41068_ignition_bringup/local_setup.zsh
[0.443s] -- Up-to-date symlink: /home/student/git/TrailBotPro/install/41068_ignition_bringup/share/41068_ignition_bringup/local_setup.dsv
[0.443s] -- Symlinking: /home/student/git/TrailBotPro/install/41068_ignition_bringup/share/41068_ignition_bringup/package.dsv
[0.460s] -- Up-to-date symlink: /home/student/git/TrailBotPro/install/41068_ignition_bringup/share/ament_index/resource_index/packages/41068_ignition_bringup
[0.461s] -- Up-to-date symlink: /home/student/git/TrailBotPro/install/41068_ignition_bringup/share/41068_ignition_bringup/cmake/41068_ignition_bringupConfig.cmake
[0.461s] -- Up-to-date symlink: /home/student/git/TrailBotPro/install/41068_ignition_bringup/share/41068_ignition_bringup/cmake/41068_ignition_bringupConfig-version.cmake
[0.463s] -- Up-to-date symlink: /home/student/git/TrailBotPro/install/41068_ignition_bringup/share/41068_ignition_bringup/package.xml
[0.470s] Invoked command in '/home/student/git/TrailBotPro/build/41068_ignition_bringup' returned '0': CMAKE_PREFIX_PATH=${CMAKE_PREFIX_PATH}:/opt/ros/humble /usr/bin/cmake --install /home/student/git/TrailBotPro/build/41068_ignition_bringup
