[0.181s] DEBUG:colcon:Command line arguments: ['/usr/bin/colcon', 'build', '--symlink-install', '--packages-select', '41068_ignition_bringup']
[0.181s] DEBUG:colcon:Parsed command line arguments: Namespace(log_base=None, log_level=None, verb_name='build', build_base='build', install_base='install', merge_install=False, symlink_install=True, test_result_base=None, continue_on_error=False, executor='parallel', parallel_workers=8, event_handlers=None, ignore_user_meta=False, metas=['./colcon.meta'], base_paths=['.'], packages_ignore=None, packages_ignore_regex=None, paths=None, packages_up_to=None, packages_up_to_regex=None, packages_above=None, packages_above_and_dependencies=None, packages_above_depth=None, packages_select_by_dep=None, packages_skip_by_dep=None, packages_skip_up_to=None, packages_select_build_failed=False, packages_skip_build_finished=False, packages_select_test_failures=False, packages_skip_test_passed=False, packages_select=['41068_ignition_bringup'], packages_skip=None, packages_select_regex=None, packages_skip_regex=None, packages_start=None, packages_end=None, allow_overriding=[], cmake_args=None, cmake_target=None, cmake_target_skip_unavailable=False, cmake_clean_cache=False, cmake_clean_first=False, cmake_force_configure=False, ament_cmake_args=None, catkin_cmake_args=None, catkin_skip_building_tests=False, mixin_files=None, mixin=None, verb_parser=<colcon_mixin.mixin.mixin_argument.MixinArgumentDecorator object at 0x74d2e41720e0>, verb_extension=<colcon_core.verb.build.BuildVerb object at 0x74d2e41716c0>, main=<bound method BuildVerb.main of <colcon_core.verb.build.BuildVerb object at 0x74d2e41716c0>>, mixin_verb=('build',))
[0.508s] Level 1:colcon.colcon_core.package_discovery:discover_packages(colcon_meta) check parameters
[0.509s] Level 1:colcon.colcon_core.package_discovery:discover_packages(recursive) check parameters
[0.509s] Level 1:colcon.colcon_core.package_discovery:discover_packages(ignore) check parameters
[0.509s] Level 1:colcon.colcon_core.package_discovery:discover_packages(path) check parameters
[0.509s] Level 1:colcon.colcon_core.package_discovery:discover_packages(colcon_meta) discover
[0.509s] Level 1:colcon.colcon_core.package_discovery:discover_packages(recursive) discover
[0.509s] INFO:colcon.colcon_core.package_discovery:Crawling recursively for packages in '/home/student/git/TrailBotPro'
[0.509s] Level 1:colcon.colcon_core.package_identification:_identify(.) by extensions ['ignore', 'ignore_ament_install']
[0.510s] Level 1:colcon.colcon_core.package_identification:_identify(.) by extension 'ignore'
[0.510s] Level 1:colcon.colcon_core.package_identification:_identify(.) by extension 'ignore_ament_install'
[0.510s] Level 1:colcon.colcon_core.package_identification:_identify(.) by extensions ['colcon_pkg']
[0.510s] Level 1:colcon.colcon_core.package_identification:_identify(.) by extension 'colcon_pkg'
[0.510s] Level 1:colcon.colcon_core.package_identification:_identify(.) by extensions ['colcon_meta']
[0.510s] Level 1:colcon.colcon_core.package_identification:_identify(.) by extension 'colcon_meta'
[0.510s] Level 1:colcon.colcon_core.package_identification:_identify(.) by extensions ['ros']
[0.510s] Level 1:colcon.colcon_core.package_identification:_identify(.) by extension 'ros'
[0.538s] DEBUG:colcon.colcon_core.package_identification:Package '.' with type 'ros.ament_cmake' and name '41068_ignition_bringup'
[0.538s] Level 1:colcon.colcon_core.package_discovery:discover_packages(recursive) using defaults
[0.539s] Level 1:colcon.colcon_core.package_discovery:discover_packages(ignore) discover
[0.539s] Level 1:colcon.colcon_core.package_discovery:discover_packages(ignore) using defaults
[0.539s] Level 1:colcon.colcon_core.package_discovery:discover_packages(path) discover
[0.539s] Level 1:colcon.colcon_core.package_discovery:discover_packages(path) using defaults
[0.589s] Level 1:colcon.colcon_core.package_discovery:discover_packages(prefix_path) check parameters
[0.589s] Level 1:colcon.colcon_core.package_discovery:discover_packages(prefix_path) discover
[0.591s] DEBUG:colcon.colcon_installed_package_information.package_discovery:Found 1 installed packages in /home/student/git/TrailBotPro/install
[0.592s] DEBUG:colcon.colcon_installed_package_information.package_discovery:Found 1 installed packages in /home/student/robostu_ws/install
[0.592s] DEBUG:colcon.colcon_installed_package_information.package_discovery:Found 1 installed packages in /home/student/Desktop/41068_ws/install
[0.593s] DEBUG:colcon.colcon_installed_package_information.package_discovery:Found 0 installed packages in /home/student/ros2_ws/install
[0.596s] DEBUG:colcon.colcon_installed_package_information.package_discovery:Found 424 installed packages in /opt/ros/humble
[0.600s] Level 1:colcon.colcon_core.package_discovery:discover_packages(prefix_path) using defaults
[0.690s] Level 5:colcon.colcon_core.verb:set package '41068_ignition_bringup' build argument 'cmake_args' from command line to 'None'
[0.690s] Level 5:colcon.colcon_core.verb:set package '41068_ignition_bringup' build argument 'cmake_target' from command line to 'None'
[0.690s] Level 5:colcon.colcon_core.verb:set package '41068_ignition_bringup' build argument 'cmake_target_skip_unavailable' from command line to 'False'
[0.690s] Level 5:colcon.colcon_core.verb:set package '41068_ignition_bringup' build argument 'cmake_clean_cache' from command line to 'False'
[0.690s] Level 5:colcon.colcon_core.verb:set package '41068_ignition_bringup' build argument 'cmake_clean_first' from command line to 'False'
[0.691s] Level 5:colcon.colcon_core.verb:set package '41068_ignition_bringup' build argument 'cmake_force_configure' from command line to 'False'
[0.691s] Level 5:colcon.colcon_core.verb:set package '41068_ignition_bringup' build argument 'ament_cmake_args' from command line to 'None'
[0.694s] Level 5:colcon.colcon_core.verb:set package '41068_ignition_bringup' build argument 'catkin_cmake_args' from command line to 'None'
[0.694s] Level 5:colcon.colcon_core.verb:set package '41068_ignition_bringup' build argument 'catkin_skip_building_tests' from command line to 'False'
[0.694s] DEBUG:colcon.colcon_core.verb:Building package '41068_ignition_bringup' with the following arguments: {'ament_cmake_args': None, 'build_base': '/home/student/git/TrailBotPro/build/41068_ignition_bringup', 'catkin_cmake_args': None, 'catkin_skip_building_tests': False, 'cmake_args': None, 'cmake_clean_cache': False, 'cmake_clean_first': False, 'cmake_force_configure': False, 'cmake_target': None, 'cmake_target_skip_unavailable': False, 'install_base': '/home/student/git/TrailBotPro/install/41068_ignition_bringup', 'merge_install': False, 'path': '/home/student/git/TrailBotPro', 'symlink_install': True, 'test_result_base': None}
[0.695s] INFO:colcon.colcon_core.executor:Executing jobs using 'parallel' executor
[0.696s] DEBUG:colcon.colcon_parallel_executor.executor.parallel:run_until_complete
[0.697s] INFO:colcon.colcon_ros.task.ament_cmake.build:Building ROS package in '/home/student/git/TrailBotPro' with build type 'ament_cmake'
[0.697s] INFO:colcon.colcon_cmake.task.cmake.build:Building CMake package in '/home/student/git/TrailBotPro'
[0.700s] INFO:colcon.colcon_core.plugin_system:Skipping extension 'colcon_core.shell.bat': Not used on non-Windows systems
[0.704s] INFO:colcon.colcon_core.shell:Skip shell extension 'powershell' for command environment: Not usable outside of PowerShell
[0.704s] DEBUG:colcon.colcon_core.shell:Skip shell extension 'dsv' for command environment
[0.737s] DEBUG:colcon.colcon_core.event_handler.log_command:Invoking command in '/home/student/git/TrailBotPro/build/41068_ignition_bringup': CMAKE_PREFIX_PATH=${CMAKE_PREFIX_PATH}:/opt/ros/humble /usr/bin/cmake --build /home/student/git/TrailBotPro/build/41068_ignition_bringup -- -j8 -l8
[8.583s] DEBUG:colcon.colcon_core.event_handler.log_command:Invoked command in '/home/student/git/TrailBotPro/build/41068_ignition_bringup' returned '2': CMAKE_PREFIX_PATH=${CMAKE_PREFIX_PATH}:/opt/ros/humble /usr/bin/cmake --build /home/student/git/TrailBotPro/build/41068_ignition_bringup -- -j8 -l8
[8.583s] Level 1:colcon.colcon_core.environment:create_environment_scripts_only(41068_ignition_bringup)
[8.586s] Level 1:colcon.colcon_core.environment:checking '/home/student/git/TrailBotPro/install/41068_ignition_bringup' for CMake module files
[8.586s] Level 1:colcon.colcon_core.environment:checking '/home/student/git/TrailBotPro/install/41068_ignition_bringup' for CMake config files
[8.586s] Level 1:colcon.colcon_core.shell:create_environment_hook('41068_ignition_bringup', 'cmake_prefix_path')
[8.587s] INFO:colcon.colcon_core.shell:Creating environment hook '/home/student/git/TrailBotPro/install/41068_ignition_bringup/share/41068_ignition_bringup/hook/cmake_prefix_path.ps1'
[8.588s] INFO:colcon.colcon_core.shell:Creating environment descriptor '/home/student/git/TrailBotPro/install/41068_ignition_bringup/share/41068_ignition_bringup/hook/cmake_prefix_path.dsv'
[8.588s] INFO:colcon.colcon_core.shell:Creating environment hook '/home/student/git/TrailBotPro/install/41068_ignition_bringup/share/41068_ignition_bringup/hook/cmake_prefix_path.sh'
[8.590s] Level 1:colcon.colcon_core.environment:checking '/home/student/git/TrailBotPro/install/41068_ignition_bringup/lib'
[8.590s] Level 1:colcon.colcon_core.environment:checking '/home/student/git/TrailBotPro/install/41068_ignition_bringup/bin'
[8.590s] Level 1:colcon.colcon_core.environment:checking '/home/student/git/TrailBotPro/install/41068_ignition_bringup/lib/pkgconfig/41068_ignition_bringup.pc'
[8.591s] Level 1:colcon.colcon_core.environment:checking '/home/student/git/TrailBotPro/install/41068_ignition_bringup/lib/python3.10/site-packages'
[8.591s] Level 1:colcon.colcon_core.environment:checking '/home/student/git/TrailBotPro/install/41068_ignition_bringup/bin'
[8.592s] INFO:colcon.colcon_core.shell:Creating package script '/home/student/git/TrailBotPro/install/41068_ignition_bringup/share/41068_ignition_bringup/package.ps1'
[8.601s] INFO:colcon.colcon_core.shell:Creating package descriptor '/home/student/git/TrailBotPro/install/41068_ignition_bringup/share/41068_ignition_bringup/package.dsv'
[8.602s] INFO:colcon.colcon_core.shell:Creating package script '/home/student/git/TrailBotPro/install/41068_ignition_bringup/share/41068_ignition_bringup/package.sh'
[8.603s] INFO:colcon.colcon_core.shell:Creating package script '/home/student/git/TrailBotPro/install/41068_ignition_bringup/share/41068_ignition_bringup/package.bash'
[8.606s] INFO:colcon.colcon_core.shell:Creating package script '/home/student/git/TrailBotPro/install/41068_ignition_bringup/share/41068_ignition_bringup/package.zsh'
[8.607s] Level 1:colcon.colcon_core.environment:create_file_with_runtime_dependencies(/home/student/git/TrailBotPro/install/41068_ignition_bringup/share/colcon-core/packages/41068_ignition_bringup)
[8.622s] DEBUG:colcon.colcon_parallel_executor.executor.parallel:closing loop
[8.622s] DEBUG:colcon.colcon_parallel_executor.executor.parallel:loop closed
[8.622s] DEBUG:colcon.colcon_parallel_executor.executor.parallel:run_until_complete finished with '2'
[8.623s] DEBUG:colcon.colcon_core.event_reactor:joining thread
[8.634s] INFO:colcon.colcon_core.plugin_system:Skipping extension 'colcon_notification.desktop_notification.terminal_notifier': Not used on non-Darwin systems
[8.634s] INFO:colcon.colcon_core.plugin_system:Skipping extension 'colcon_notification.desktop_notification.win32': Not used on non-Windows systems
[8.634s] INFO:colcon.colcon_notification.desktop_notification:Sending desktop notification using 'notify2'
[8.674s] DEBUG:colcon.colcon_core.event_reactor:joined thread
[8.674s] INFO:colcon.colcon_core.shell:Creating prefix script '/home/student/git/TrailBotPro/install/local_setup.ps1'
[8.676s] INFO:colcon.colcon_core.shell:Creating prefix util module '/home/student/git/TrailBotPro/install/_local_setup_util_ps1.py'
[8.679s] INFO:colcon.colcon_core.shell:Creating prefix chain script '/home/student/git/TrailBotPro/install/setup.ps1'
[8.684s] INFO:colcon.colcon_core.shell:Creating prefix script '/home/student/git/TrailBotPro/install/local_setup.sh'
[8.685s] INFO:colcon.colcon_core.shell:Creating prefix util module '/home/student/git/TrailBotPro/install/_local_setup_util_sh.py'
[8.686s] INFO:colcon.colcon_core.shell:Creating prefix chain script '/home/student/git/TrailBotPro/install/setup.sh'
[8.688s] INFO:colcon.colcon_core.shell:Creating prefix script '/home/student/git/TrailBotPro/install/local_setup.bash'
[8.690s] INFO:colcon.colcon_core.shell:Creating prefix chain script '/home/student/git/TrailBotPro/install/setup.bash'
[8.692s] INFO:colcon.colcon_core.shell:Creating prefix script '/home/student/git/TrailBotPro/install/local_setup.zsh'
[8.693s] INFO:colcon.colcon_core.shell:Creating prefix chain script '/home/student/git/TrailBotPro/install/setup.zsh'
