[0.203s] DEBUG:colcon:Command line arguments: ['/usr/bin/colcon', 'build', '--symlink-install', '--packages-select', '41068_ignition_bringup']
[0.203s] DEBUG:colcon:Parsed command line arguments: Namespace(log_base=None, log_level=None, verb_name='build', build_base='build', install_base='install', merge_install=False, symlink_install=True, test_result_base=None, continue_on_error=False, executor='parallel', parallel_workers=8, event_handlers=None, ignore_user_meta=False, metas=['./colcon.meta'], base_paths=['.'], packages_ignore=None, packages_ignore_regex=None, paths=None, packages_up_to=None, packages_up_to_regex=None, packages_above=None, packages_above_and_dependencies=None, packages_above_depth=None, packages_select_by_dep=None, packages_skip_by_dep=None, packages_skip_up_to=None, packages_select_build_failed=False, packages_skip_build_finished=False, packages_select_test_failures=False, packages_skip_test_passed=False, packages_select=['41068_ignition_bringup'], packages_skip=None, packages_select_regex=None, packages_skip_regex=None, packages_start=None, packages_end=None, allow_overriding=[], cmake_args=None, cmake_target=None, cmake_target_skip_unavailable=False, cmake_clean_cache=False, cmake_clean_first=False, cmake_force_configure=False, ament_cmake_args=None, catkin_cmake_args=None, catkin_skip_building_tests=False, mixin_files=None, mixin=None, verb_parser=<colcon_mixin.mixin.mixin_argument.MixinArgumentDecorator object at 0x7b7e7cc6a380>, verb_extension=<colcon_core.verb.build.BuildVerb object at 0x7b7e7cc69960>, main=<bound method BuildVerb.main of <colcon_core.verb.build.BuildVerb object at 0x7b7e7cc69960>>, mixin_verb=('build',))
[0.518s] Level 1:colcon.colcon_core.package_discovery:discover_packages(colcon_meta) check parameters
[0.518s] Level 1:colcon.colcon_core.package_discovery:discover_packages(recursive) check parameters
[0.518s] Level 1:colcon.colcon_core.package_discovery:discover_packages(ignore) check parameters
[0.519s] Level 1:colcon.colcon_core.package_discovery:discover_packages(path) check parameters
[0.519s] Level 1:colcon.colcon_core.package_discovery:discover_packages(colcon_meta) discover
[0.519s] Level 1:colcon.colcon_core.package_discovery:discover_packages(recursive) discover
[0.519s] INFO:colcon.colcon_core.package_discovery:Crawling recursively for packages in '/home/student/git/TrailBotPro'
[0.519s] Level 1:colcon.colcon_core.package_identification:_identify(.) by extensions ['ignore', 'ignore_ament_install']
[0.519s] Level 1:colcon.colcon_core.package_identification:_identify(.) by extension 'ignore'
[0.520s] Level 1:colcon.colcon_core.package_identification:_identify(.) by extension 'ignore_ament_install'
[0.520s] Level 1:colcon.colcon_core.package_identification:_identify(.) by extensions ['colcon_pkg']
[0.520s] Level 1:colcon.colcon_core.package_identification:_identify(.) by extension 'colcon_pkg'
[0.520s] Level 1:colcon.colcon_core.package_identification:_identify(.) by extensions ['colcon_meta']
[0.520s] Level 1:colcon.colcon_core.package_identification:_identify(.) by extension 'colcon_meta'
[0.520s] Level 1:colcon.colcon_core.package_identification:_identify(.) by extensions ['ros']
[0.521s] Level 1:colcon.colcon_core.package_identification:_identify(.) by extension 'ros'
[0.555s] DEBUG:colcon.colcon_core.package_identification:Package '.' with type 'ros.ament_cmake' and name '41068_ignition_bringup'
[0.555s] Level 1:colcon.colcon_core.package_discovery:discover_packages(recursive) using defaults
[0.556s] Level 1:colcon.colcon_core.package_discovery:discover_packages(ignore) discover
[0.556s] Level 1:colcon.colcon_core.package_discovery:discover_packages(ignore) using defaults
[0.556s] Level 1:colcon.colcon_core.package_discovery:discover_packages(path) discover
[0.556s] Level 1:colcon.colcon_core.package_discovery:discover_packages(path) using defaults
[0.650s] Level 1:colcon.colcon_core.package_discovery:discover_packages(prefix_path) check parameters
[0.652s] Level 1:colcon.colcon_core.package_discovery:discover_packages(prefix_path) discover
[0.657s] DEBUG:colcon.colcon_installed_package_information.package_discovery:Found 1 installed packages in /home/student/git/TrailBotPro/install
[0.658s] DEBUG:colcon.colcon_installed_package_information.package_discovery:Found 1 installed packages in /home/student/robostu_ws/install
[0.658s] DEBUG:colcon.colcon_installed_package_information.package_discovery:Found 1 installed packages in /home/student/Desktop/41068_ws/install
[0.659s] DEBUG:colcon.colcon_installed_package_information.package_discovery:Found 0 installed packages in /home/student/ros2_ws/install
[0.661s] DEBUG:colcon.colcon_installed_package_information.package_discovery:Found 424 installed packages in /opt/ros/humble
[0.663s] Level 1:colcon.colcon_core.package_discovery:discover_packages(prefix_path) using defaults
[0.764s] Level 5:colcon.colcon_core.verb:set package '41068_ignition_bringup' build argument 'cmake_args' from command line to 'None'
[0.764s] Level 5:colcon.colcon_core.verb:set package '41068_ignition_bringup' build argument 'cmake_target' from command line to 'None'
[0.764s] Level 5:colcon.colcon_core.verb:set package '41068_ignition_bringup' build argument 'cmake_target_skip_unavailable' from command line to 'False'
[0.764s] Level 5:colcon.colcon_core.verb:set package '41068_ignition_bringup' build argument 'cmake_clean_cache' from command line to 'False'
[0.764s] Level 5:colcon.colcon_core.verb:set package '41068_ignition_bringup' build argument 'cmake_clean_first' from command line to 'False'
[0.764s] Level 5:colcon.colcon_core.verb:set package '41068_ignition_bringup' build argument 'cmake_force_configure' from command line to 'False'
[0.764s] Level 5:colcon.colcon_core.verb:set package '41068_ignition_bringup' build argument 'ament_cmake_args' from command line to 'None'
[0.764s] Level 5:colcon.colcon_core.verb:set package '41068_ignition_bringup' build argument 'catkin_cmake_args' from command line to 'None'
[0.764s] Level 5:colcon.colcon_core.verb:set package '41068_ignition_bringup' build argument 'catkin_skip_building_tests' from command line to 'False'
[0.764s] DEBUG:colcon.colcon_core.verb:Building package '41068_ignition_bringup' with the following arguments: {'ament_cmake_args': None, 'build_base': '/home/student/git/TrailBotPro/build/41068_ignition_bringup', 'catkin_cmake_args': None, 'catkin_skip_building_tests': False, 'cmake_args': None, 'cmake_clean_cache': False, 'cmake_clean_first': False, 'cmake_force_configure': False, 'cmake_target': None, 'cmake_target_skip_unavailable': False, 'install_base': '/home/student/git/TrailBotPro/install/41068_ignition_bringup', 'merge_install': False, 'path': '/home/student/git/TrailBotPro', 'symlink_install': True, 'test_result_base': None}
[0.766s] INFO:colcon.colcon_core.executor:Executing jobs using 'parallel' executor
[0.768s] DEBUG:colcon.colcon_parallel_executor.executor.parallel:run_until_complete
[0.769s] INFO:colcon.colcon_ros.task.ament_cmake.build:Building ROS package in '/home/student/git/TrailBotPro' with build type 'ament_cmake'
[0.769s] INFO:colcon.colcon_cmake.task.cmake.build:Building CMake package in '/home/student/git/TrailBotPro'
[0.772s] INFO:colcon.colcon_core.plugin_system:Skipping extension 'colcon_core.shell.bat': Not used on non-Windows systems
[0.773s] INFO:colcon.colcon_core.shell:Skip shell extension 'powershell' for command environment: Not usable outside of PowerShell
[0.773s] DEBUG:colcon.colcon_core.shell:Skip shell extension 'dsv' for command environment
[0.794s] DEBUG:colcon.colcon_core.event_handler.log_command:Invoking command in '/home/student/git/TrailBotPro/build/41068_ignition_bringup': CMAKE_PREFIX_PATH=${CMAKE_PREFIX_PATH}:/opt/ros/humble /usr/bin/cmake --build /home/student/git/TrailBotPro/build/41068_ignition_bringup -- -j8 -l8
[23.438s] DEBUG:colcon.colcon_core.event_handler.log_command:Invoked command in '/home/student/git/TrailBotPro/build/41068_ignition_bringup' returned '0': CMAKE_PREFIX_PATH=${CMAKE_PREFIX_PATH}:/opt/ros/humble /usr/bin/cmake --build /home/student/git/TrailBotPro/build/41068_ignition_bringup -- -j8 -l8
[23.455s] DEBUG:colcon.colcon_core.event_handler.log_command:Invoking command in '/home/student/git/TrailBotPro/build/41068_ignition_bringup': CMAKE_PREFIX_PATH=${CMAKE_PREFIX_PATH}:/opt/ros/humble /usr/bin/cmake --install /home/student/git/TrailBotPro/build/41068_ignition_bringup
[23.513s] Level 1:colcon.colcon_core.environment:create_environment_scripts_only(41068_ignition_bringup)
[23.514s] DEBUG:colcon.colcon_core.event_handler.log_command:Invoked command in '/home/student/git/TrailBotPro/build/41068_ignition_bringup' returned '0': CMAKE_PREFIX_PATH=${CMAKE_PREFIX_PATH}:/opt/ros/humble /usr/bin/cmake --install /home/student/git/TrailBotPro/build/41068_ignition_bringup
[23.517s] Level 1:colcon.colcon_core.environment:checking '/home/student/git/TrailBotPro/install/41068_ignition_bringup' for CMake module files
[23.518s] Level 1:colcon.colcon_core.environment:checking '/home/student/git/TrailBotPro/install/41068_ignition_bringup' for CMake config files
[23.519s] Level 1:colcon.colcon_core.shell:create_environment_hook('41068_ignition_bringup', 'cmake_prefix_path')
[23.522s] INFO:colcon.colcon_core.shell:Creating environment hook '/home/student/git/TrailBotPro/install/41068_ignition_bringup/share/41068_ignition_bringup/hook/cmake_prefix_path.ps1'
[23.523s] INFO:colcon.colcon_core.shell:Creating environment descriptor '/home/student/git/TrailBotPro/install/41068_ignition_bringup/share/41068_ignition_bringup/hook/cmake_prefix_path.dsv'
[23.524s] INFO:colcon.colcon_core.shell:Creating environment hook '/home/student/git/TrailBotPro/install/41068_ignition_bringup/share/41068_ignition_bringup/hook/cmake_prefix_path.sh'
[23.526s] Level 1:colcon.colcon_core.environment:checking '/home/student/git/TrailBotPro/install/41068_ignition_bringup/lib'
[23.526s] Level 1:colcon.colcon_core.environment:checking '/home/student/git/TrailBotPro/install/41068_ignition_bringup/bin'
[23.526s] Level 1:colcon.colcon_core.environment:checking '/home/student/git/TrailBotPro/install/41068_ignition_bringup/lib/pkgconfig/41068_ignition_bringup.pc'
[23.526s] Level 1:colcon.colcon_core.environment:checking '/home/student/git/TrailBotPro/install/41068_ignition_bringup/lib/python3.10/site-packages'
[23.527s] Level 1:colcon.colcon_core.environment:checking '/home/student/git/TrailBotPro/install/41068_ignition_bringup/bin'
[23.527s] INFO:colcon.colcon_core.shell:Creating package script '/home/student/git/TrailBotPro/install/41068_ignition_bringup/share/41068_ignition_bringup/package.ps1'
[23.528s] INFO:colcon.colcon_core.shell:Creating package descriptor '/home/student/git/TrailBotPro/install/41068_ignition_bringup/share/41068_ignition_bringup/package.dsv'
[23.530s] INFO:colcon.colcon_core.shell:Creating package script '/home/student/git/TrailBotPro/install/41068_ignition_bringup/share/41068_ignition_bringup/package.sh'
[23.534s] INFO:colcon.colcon_core.shell:Creating package script '/home/student/git/TrailBotPro/install/41068_ignition_bringup/share/41068_ignition_bringup/package.bash'
[23.536s] INFO:colcon.colcon_core.shell:Creating package script '/home/student/git/TrailBotPro/install/41068_ignition_bringup/share/41068_ignition_bringup/package.zsh'
[23.537s] Level 1:colcon.colcon_core.environment:create_file_with_runtime_dependencies(/home/student/git/TrailBotPro/install/41068_ignition_bringup/share/colcon-core/packages/41068_ignition_bringup)
[23.538s] Level 1:colcon.colcon_core.environment:create_environment_scripts_only(41068_ignition_bringup)
[23.539s] Level 1:colcon.colcon_core.environment:checking '/home/student/git/TrailBotPro/install/41068_ignition_bringup' for CMake module files
[23.540s] Level 1:colcon.colcon_core.environment:checking '/home/student/git/TrailBotPro/install/41068_ignition_bringup' for CMake config files
[23.541s] Level 1:colcon.colcon_core.shell:create_environment_hook('41068_ignition_bringup', 'cmake_prefix_path')
[23.542s] INFO:colcon.colcon_core.shell:Creating environment hook '/home/student/git/TrailBotPro/install/41068_ignition_bringup/share/41068_ignition_bringup/hook/cmake_prefix_path.ps1'
[23.543s] INFO:colcon.colcon_core.shell:Creating environment descriptor '/home/student/git/TrailBotPro/install/41068_ignition_bringup/share/41068_ignition_bringup/hook/cmake_prefix_path.dsv'
[23.543s] INFO:colcon.colcon_core.shell:Creating environment hook '/home/student/git/TrailBotPro/install/41068_ignition_bringup/share/41068_ignition_bringup/hook/cmake_prefix_path.sh'
[23.544s] Level 1:colcon.colcon_core.environment:checking '/home/student/git/TrailBotPro/install/41068_ignition_bringup/lib'
[23.544s] Level 1:colcon.colcon_core.environment:checking '/home/student/git/TrailBotPro/install/41068_ignition_bringup/bin'
[23.544s] Level 1:colcon.colcon_core.environment:checking '/home/student/git/TrailBotPro/install/41068_ignition_bringup/lib/pkgconfig/41068_ignition_bringup.pc'
[23.545s] Level 1:colcon.colcon_core.environment:checking '/home/student/git/TrailBotPro/install/41068_ignition_bringup/lib/python3.10/site-packages'
[23.545s] Level 1:colcon.colcon_core.environment:checking '/home/student/git/TrailBotPro/install/41068_ignition_bringup/bin'
[23.546s] INFO:colcon.colcon_core.shell:Creating package script '/home/student/git/TrailBotPro/install/41068_ignition_bringup/share/41068_ignition_bringup/package.ps1'
[23.547s] INFO:colcon.colcon_core.shell:Creating package descriptor '/home/student/git/TrailBotPro/install/41068_ignition_bringup/share/41068_ignition_bringup/package.dsv'
[23.549s] INFO:colcon.colcon_core.shell:Creating package script '/home/student/git/TrailBotPro/install/41068_ignition_bringup/share/41068_ignition_bringup/package.sh'
[23.550s] INFO:colcon.colcon_core.shell:Creating package script '/home/student/git/TrailBotPro/install/41068_ignition_bringup/share/41068_ignition_bringup/package.bash'
[23.551s] INFO:colcon.colcon_core.shell:Creating package script '/home/student/git/TrailBotPro/install/41068_ignition_bringup/share/41068_ignition_bringup/package.zsh'
[23.553s] Level 1:colcon.colcon_core.environment:create_file_with_runtime_dependencies(/home/student/git/TrailBotPro/install/41068_ignition_bringup/share/colcon-core/packages/41068_ignition_bringup)
[23.554s] DEBUG:colcon.colcon_parallel_executor.executor.parallel:closing loop
[23.555s] DEBUG:colcon.colcon_parallel_executor.executor.parallel:loop closed
[23.555s] DEBUG:colcon.colcon_parallel_executor.executor.parallel:run_until_complete finished with '0'
[23.555s] DEBUG:colcon.colcon_core.event_reactor:joining thread
[23.565s] INFO:colcon.colcon_core.plugin_system:Skipping extension 'colcon_notification.desktop_notification.terminal_notifier': Not used on non-Darwin systems
[23.565s] INFO:colcon.colcon_core.plugin_system:Skipping extension 'colcon_notification.desktop_notification.win32': Not used on non-Windows systems
[23.565s] INFO:colcon.colcon_notification.desktop_notification:Sending desktop notification using 'notify2'
[23.593s] DEBUG:colcon.colcon_core.event_reactor:joined thread
[23.596s] INFO:colcon.colcon_core.shell:Creating prefix script '/home/student/git/TrailBotPro/install/local_setup.ps1'
[23.599s] INFO:colcon.colcon_core.shell:Creating prefix util module '/home/student/git/TrailBotPro/install/_local_setup_util_ps1.py'
[23.605s] INFO:colcon.colcon_core.shell:Creating prefix chain script '/home/student/git/TrailBotPro/install/setup.ps1'
[23.613s] INFO:colcon.colcon_core.shell:Creating prefix script '/home/student/git/TrailBotPro/install/local_setup.sh'
[23.618s] INFO:colcon.colcon_core.shell:Creating prefix util module '/home/student/git/TrailBotPro/install/_local_setup_util_sh.py'
[23.620s] INFO:colcon.colcon_core.shell:Creating prefix chain script '/home/student/git/TrailBotPro/install/setup.sh'
[23.622s] INFO:colcon.colcon_core.shell:Creating prefix script '/home/student/git/TrailBotPro/install/local_setup.bash'
[23.623s] INFO:colcon.colcon_core.shell:Creating prefix chain script '/home/student/git/TrailBotPro/install/setup.bash'
[23.625s] INFO:colcon.colcon_core.shell:Creating prefix script '/home/student/git/TrailBotPro/install/local_setup.zsh'
[23.626s] INFO:colcon.colcon_core.shell:Creating prefix chain script '/home/student/git/TrailBotPro/install/setup.zsh'
